Using pre-set license
Built from '2020.3/staging' branch; Version is '2020.3.4f1 (0abb6314276a) revision 703331'; Using compiler version '192528614'; Build Type 'Release'
OS: 'Windows 10 Pro; OS build 19043.1110; Version 2009; 64bit' Language: 'tr' Physical Memory: 32606 MB
BatchMode: 1, IsHumanControllingUs: 0, StartBugReporterOnCrash: 0, Is64bit: 1, IsPro: 0

 COMMAND LINE ARGUMENTS:
C:\Program Files\Unity\Hub\Editor\2020.3.4f1\Editor\Unity.exe
-adb2
-batchMode
-noUpm
-name
AssetImportWorker0
-projectPath
D:/MyGithub/My-First-Game
-logFile
Logs/AssetImportWorker0.log
-srvPort
59925
Successfully changed project path to: D:/MyGithub/My-First-Game
D:/MyGithub/My-First-Game
Using Asset Import Pipeline V2.
Refreshing native plugins compatible for Editor in 19.65 ms, found 0 plugins.
Preloading 0 native plugins for Editor in 0.00 ms.
Initialize engine version: 2020.3.4f1 (0abb6314276a)
[Subsystems] Discovering subsystems at path C:/Program Files/Unity/Hub/Editor/2020.3.4f1/Editor/Data/Resources/UnitySubsystems
[Subsystems] Discovering subsystems at path D:/MyGithub/My-First-Game/Assets
GfxDevice: creating device client; threaded=0
Direct3D:
    Version:  Direct3D 11.0 [level 11.1]
    Renderer: NVIDIA GeForce GTX 1650 (ID=0x1f99)
    Vendor:   
    VRAM:     3962 MB
    Driver:   27.21.14.6242
Initialize mono
Mono path[0] = 'C:/Program Files/Unity/Hub/Editor/2020.3.4f1/Editor/Data/Managed'
Mono path[1] = 'C:/Program Files/Unity/Hub/Editor/2020.3.4f1/Editor/Data/MonoBleedingEdge/lib/mono/unityjit'
Mono config path = 'C:/Program Files/Unity/Hub/Editor/2020.3.4f1/Editor/Data/MonoBleedingEdge/etc'
Using monoOptions --debugger-agent=transport=dt_socket,embedding=1,server=y,suspend=n,address=127.0.0.1:56532
Begin MonoManager ReloadAssembly
Registering precompiled unity dll's ...
Register platform support module: C:/Program Files/Unity/Hub/Editor/2020.3.4f1/Editor/Data/PlaybackEngines/WebGLSupport/UnityEditor.WebGL.Extensions.dll
Register platform support module: C:/Program Files/Unity/Hub/Editor/2020.3.4f1/Editor/Data/PlaybackEngines/WindowsStandaloneSupport/UnityEditor.WindowsStandalone.Extensions.dll
Registered in 0.001878 seconds.
Native extension for WindowsStandalone target not found
Native extension for WebGL target not found
Refreshing native plugins compatible for Editor in 20.64 ms, found 0 plugins.
Preloading 0 native plugins for Editor in 0.00 ms.
Mono: successfully reloaded assembly
- Completed reload, in  1.891 seconds
Platform modules already initialized, skipping
Registering precompiled user dll's ...
Registered in 0.000504 seconds.
Begin MonoManager ReloadAssembly
Native extension for WindowsStandalone target not found
Native extension for WebGL target not found
Refreshing native plugins compatible for Editor in 0.19 ms, found 0 plugins.
Preloading 0 native plugins for Editor in 0.00 ms.
Mono: successfully reloaded assembly
- Completed reload, in  0.731 seconds
Platform modules already initialized, skipping
========================================================================
Worker process is ready to serve import requests
Launched and connected shader compiler UnityShaderCompiler.exe after 0.03 seconds
Refreshing native plugins compatible for Editor in 0.19 ms, found 0 plugins.
Preloading 0 native plugins for Editor in 0.00 ms.
Unloading 1121 Unused Serialized files (Serialized files now loaded: 0)
System memory in use before: 57.7 MB.
System memory in use after: 57.7 MB.

Unloading 10 unused Assets to reduce memory usage. Loaded Objects now: 1564.
Total: 1.385000 ms (FindLiveObjects: 0.127400 ms CreateObjectMapping: 0.034600 ms MarkObjects: 1.162400 ms  DeleteObjects: 0.059800 ms)

========================================================================
Received Import Request.
  path: Assets/Prefabs/Grenade.prefab
  artifactKey: Guid(1d68302208b60fd47a719533fdae146f) Importer(815301076,1909f56bfc062723c751e8b465ee728b)
Start importing Assets/Prefabs/Grenade.prefab using Guid(1d68302208b60fd47a719533fdae146f) Importer(815301076,1909f56bfc062723c751e8b465ee728b)  -> (artifact id: 'ad7fd2ef9d5662570f392f166ae45e5e') in 0.088758 seconds
  Import took 0.090612 seconds .

========================================================================
Received Import Request.
  Time since last request: 27.712755 seconds.
  path: Assets/Prefabs/Grenade.prefab
  artifactKey: Guid(1d68302208b60fd47a719533fdae146f) Importer(815301076,1909f56bfc062723c751e8b465ee728b)
Start importing Assets/Prefabs/Grenade.prefab using Guid(1d68302208b60fd47a719533fdae146f) Importer(815301076,1909f56bfc062723c751e8b465ee728b)  -> (artifact id: '51f5e96497aed296d25aed8d92a762e1') in 0.009583 seconds
  Import took 0.011803 seconds .

========================================================================
Received Import Request.
  Time since last request: 0.004847 seconds.
  path: Assets/Prefabs/Grenade.prefab
  artifactKey: Guid(1d68302208b60fd47a719533fdae146f) Importer(815301076,1909f56bfc062723c751e8b465ee728b)
Start importing Assets/Prefabs/Grenade.prefab using Guid(1d68302208b60fd47a719533fdae146f) Importer(815301076,1909f56bfc062723c751e8b465ee728b)  -> (artifact id: '51f5e96497aed296d25aed8d92a762e1') in 0.017506 seconds
  Import took 0.019476 seconds .

========================================================================
Received Import Request.
  Time since last request: 4.601095 seconds.
  path: Assets/Prefabs/Grenade.prefab
  artifactKey: Guid(1d68302208b60fd47a719533fdae146f) Importer(815301076,1909f56bfc062723c751e8b465ee728b)
Start importing Assets/Prefabs/Grenade.prefab using Guid(1d68302208b60fd47a719533fdae146f) Importer(815301076,1909f56bfc062723c751e8b465ee728b)  -> (artifact id: '657b7a2ccd3942ce23f927f1ed20a0d5') in 0.006360 seconds
  Import took 0.008152 seconds .

========================================================================
Received Import Request.
  Time since last request: 0.016265 seconds.
  path: Assets/Prefabs/Grenade.prefab
  artifactKey: Guid(1d68302208b60fd47a719533fdae146f) Importer(815301076,1909f56bfc062723c751e8b465ee728b)
Start importing Assets/Prefabs/Grenade.prefab using Guid(1d68302208b60fd47a719533fdae146f) Importer(815301076,1909f56bfc062723c751e8b465ee728b)  -> (artifact id: '657b7a2ccd3942ce23f927f1ed20a0d5') in 0.006980 seconds
  Import took 0.008770 seconds .

========================================================================
Received Import Request.
  Time since last request: 1.657264 seconds.
  path: Assets/Prefabs/Grenade.prefab
  artifactKey: Guid(1d68302208b60fd47a719533fdae146f) Importer(815301076,1909f56bfc062723c751e8b465ee728b)
Start importing Assets/Prefabs/Grenade.prefab using Guid(1d68302208b60fd47a719533fdae146f) Importer(815301076,1909f56bfc062723c751e8b465ee728b)  -> (artifact id: '9fdf6c936ead5c544fea7904d9c63804') in 0.009293 seconds
  Import took 0.011252 seconds .

========================================================================
Received Import Request.
  Time since last request: 0.011246 seconds.
  path: Assets/Prefabs/Grenade.prefab
  artifactKey: Guid(1d68302208b60fd47a719533fdae146f) Importer(815301076,1909f56bfc062723c751e8b465ee728b)
Start importing Assets/Prefabs/Grenade.prefab using Guid(1d68302208b60fd47a719533fdae146f) Importer(815301076,1909f56bfc062723c751e8b465ee728b)  -> (artifact id: '9fdf6c936ead5c544fea7904d9c63804') in 0.016224 seconds
  Import took 0.018756 seconds .

========================================================================
Received Prepare
Registering precompiled user dll's ...
Registered in 0.000556 seconds.
Begin MonoManager ReloadAssembly
Native extension for WindowsStandalone target not found
Native extension for WebGL target not found
Refreshing native plugins compatible for Editor in 0.19 ms, found 0 plugins.
Preloading 0 native plugins for Editor in 0.00 ms.
Mono: successfully reloaded assembly
- Completed reload, in  0.692 seconds
Platform modules already initialized, skipping
Refreshing native plugins compatible for Editor in 0.19 ms, found 0 plugins.
Preloading 0 native plugins for Editor in 0.00 ms.
Unloading 1116 Unused Serialized files (Serialized files now loaded: 0)
System memory in use before: 60.7 MB.
System memory in use after: 60.8 MB.

Unloading 5 unused Assets to reduce memory usage. Loaded Objects now: 1574.
Total: 1.343500 ms (FindLiveObjects: 0.191600 ms CreateObjectMapping: 0.031300 ms MarkObjects: 1.081400 ms  DeleteObjects: 0.036800 ms)

========================================================================
Received Import Request.
  Time since last request: 140.353039 seconds.
  path: Assets/Scripts/SpawnManager.cs
  artifactKey: Guid(4ef2a61a1cff92b44a6bba6e689b5884) Importer(815301076,1909f56bfc062723c751e8b465ee728b)
Start importing Assets/Scripts/SpawnManager.cs using Guid(4ef2a61a1cff92b44a6bba6e689b5884) Importer(815301076,1909f56bfc062723c751e8b465ee728b)  -> (artifact id: '032d9b350b2a0831463387764376c4d2') in 0.016864 seconds
  Import took 0.018708 seconds .

========================================================================
Received Import Request.
  Time since last request: 6.949929 seconds.
  path: Assets/Scripts/DetectCollisions.cs
  artifactKey: Guid(65d0a0e7bc9dbe14197fdc04f1110a58) Importer(815301076,1909f56bfc062723c751e8b465ee728b)
Start importing Assets/Scripts/DetectCollisions.cs using Guid(65d0a0e7bc9dbe14197fdc04f1110a58) Importer(815301076,1909f56bfc062723c751e8b465ee728b)  -> (artifact id: '1f23dd757670479aa15998cf6de0c5c5') in 0.091936 seconds
  Import took 0.094130 seconds .

========================================================================
Received Import Request.
  Time since last request: 5.345009 seconds.
  path: Assets/Scripts/Bullet.cs
  artifactKey: Guid(3d7a22463754e8043bc3d85cd410d81a) Importer(815301076,1909f56bfc062723c751e8b465ee728b)
Start importing Assets/Scripts/Bullet.cs using Guid(3d7a22463754e8043bc3d85cd410d81a) Importer(815301076,1909f56bfc062723c751e8b465ee728b)  -> (artifact id: '29362138b1909e5a0f168bd5e66a65e2') in 0.005386 seconds
  Import took 0.007238 seconds .

========================================================================
Received Prepare
Registering precompiled user dll's ...
Registered in 0.000518 seconds.
Begin MonoManager ReloadAssembly
Native extension for WindowsStandalone target not found
Native extension for WebGL target not found
Refreshing native plugins compatible for Editor in 0.19 ms, found 0 plugins.
Preloading 0 native plugins for Editor in 0.00 ms.
Mono: successfully reloaded assembly
- Completed reload, in  0.658 seconds
Platform modules already initialized, skipping
Refreshing native plugins compatible for Editor in 0.18 ms, found 0 plugins.
Preloading 0 native plugins for Editor in 0.00 ms.
Unloading 1116 Unused Serialized files (Serialized files now loaded: 0)
System memory in use before: 60.8 MB.
System memory in use after: 60.8 MB.

Unloading 5 unused Assets to reduce memory usage. Loaded Objects now: 1577.
Total: 1.481600 ms (FindLiveObjects: 0.132800 ms CreateObjectMapping: 0.041200 ms MarkObjects: 1.264000 ms  DeleteObjects: 0.042600 ms)

========================================================================
Received Import Request.
  Time since last request: 19.809381 seconds.
  path: Assets/Prefabs/Grenade.prefab
  artifactKey: Guid(1d68302208b60fd47a719533fdae146f) Importer(815301076,1909f56bfc062723c751e8b465ee728b)
Start importing Assets/Prefabs/Grenade.prefab using Guid(1d68302208b60fd47a719533fdae146f) Importer(815301076,1909f56bfc062723c751e8b465ee728b)  -> (artifact id: 'ff6b2386366eb98e921e8ab8bce9fa4b') in 0.045376 seconds
  Import took 0.047155 seconds .

========================================================================
Received Import Request.
  Time since last request: 1.282988 seconds.
  path: Assets/Prefabs/Grenade.prefab
  artifactKey: Guid(1d68302208b60fd47a719533fdae146f) Importer(815301076,1909f56bfc062723c751e8b465ee728b)
Start importing Assets/Prefabs/Grenade.prefab using Guid(1d68302208b60fd47a719533fdae146f) Importer(815301076,1909f56bfc062723c751e8b465ee728b)  -> (artifact id: '695eaa26efc814f7a38230385abb2b49') in 0.006240 seconds
  Import took 0.008123 seconds .

========================================================================
Received Import Request.
  Time since last request: 0.814361 seconds.
  path: Assets/Prefabs/Grenade.prefab
  artifactKey: Guid(1d68302208b60fd47a719533fdae146f) Importer(815301076,1909f56bfc062723c751e8b465ee728b)
Start importing Assets/Prefabs/Grenade.prefab using Guid(1d68302208b60fd47a719533fdae146f) Importer(815301076,1909f56bfc062723c751e8b465ee728b)  -> (artifact id: '1e578f8debfa919a171ab8d4d9c04abc') in 0.006376 seconds
  Import took 0.008150 seconds .

========================================================================
Received Import Request.
  Time since last request: 1.239400 seconds.
  path: Assets/Prefabs/Grenade.prefab
  artifactKey: Guid(1d68302208b60fd47a719533fdae146f) Importer(815301076,1909f56bfc062723c751e8b465ee728b)
Start importing Assets/Prefabs/Grenade.prefab using Guid(1d68302208b60fd47a719533fdae146f) Importer(815301076,1909f56bfc062723c751e8b465ee728b)  -> (artifact id: '4bf29753a9c7f27f0be3465d4139b0a9') in 0.009699 seconds
  Import took 0.011875 seconds .

========================================================================
Received Import Request.
  Time since last request: 1.810671 seconds.
  path: Assets/Prefabs/Grenade.prefab
  artifactKey: Guid(1d68302208b60fd47a719533fdae146f) Importer(815301076,1909f56bfc062723c751e8b465ee728b)
Start importing Assets/Prefabs/Grenade.prefab using Guid(1d68302208b60fd47a719533fdae146f) Importer(815301076,1909f56bfc062723c751e8b465ee728b)  -> (artifact id: 'b18af4711509b6bc2e1e409c8db9703a') in 0.007576 seconds
  Import took 0.009323 seconds .

========================================================================
Received Import Request.
  Time since last request: 2.045636 seconds.
  path: Assets/Prefabs/Grenade.prefab
  artifactKey: Guid(1d68302208b60fd47a719533fdae146f) Importer(815301076,1909f56bfc062723c751e8b465ee728b)
Start importing Assets/Prefabs/Grenade.prefab using Guid(1d68302208b60fd47a719533fdae146f) Importer(815301076,1909f56bfc062723c751e8b465ee728b)  -> (artifact id: 'b14b5dfb784b8fcfa52391e1ac51ec1f') in 0.006370 seconds
  Import took 0.008578 seconds .

========================================================================
Received Prepare
Registering precompiled user dll's ...
Registered in 0.000798 seconds.
Begin MonoManager ReloadAssembly
Native extension for WindowsStandalone target not found
Native extension for WebGL target not found
Refreshing native plugins compatible for Editor in 0.20 ms, found 0 plugins.
Preloading 0 native plugins for Editor in 0.00 ms.
Mono: successfully reloaded assembly
- Completed reload, in  0.772 seconds
Platform modules already initialized, skipping
Refreshing native plugins compatible for Editor in 0.19 ms, found 0 plugins.
Preloading 0 native plugins for Editor in 0.00 ms.
Unloading 1116 Unused Serialized files (Serialized files now loaded: 0)
System memory in use before: 60.8 MB.
System memory in use after: 60.9 MB.

Unloading 5 unused Assets to reduce memory usage. Loaded Objects now: 1581.
Total: 1.570500 ms (FindLiveObjects: 0.114700 ms CreateObjectMapping: 0.031600 ms MarkObjects: 1.382100 ms  DeleteObjects: 0.041200 ms)

========================================================================
Received Import Request.
  Time since last request: 70.324048 seconds.
  path: Assets/Prefabs/Grenade.prefab
  artifactKey: Guid(1d68302208b60fd47a719533fdae146f) Importer(815301076,1909f56bfc062723c751e8b465ee728b)
Start importing Assets/Prefabs/Grenade.prefab using Guid(1d68302208b60fd47a719533fdae146f) Importer(815301076,1909f56bfc062723c751e8b465ee728b)  -> (artifact id: '24fddc20cabd10d30c4a641c7526d1d2') in 0.060282 seconds
  Import took 0.062193 seconds .

========================================================================
Received Prepare
Registering precompiled user dll's ...
Registered in 0.000546 seconds.
Begin MonoManager ReloadAssembly
Native extension for WindowsStandalone target not found
Native extension for WebGL target not found
Refreshing native plugins compatible for Editor in 0.20 ms, found 0 plugins.
Preloading 0 native plugins for Editor in 0.00 ms.
Mono: successfully reloaded assembly
- Completed reload, in  0.657 seconds
Platform modules already initialized, skipping
Refreshing native plugins compatible for Editor in 0.19 ms, found 0 plugins.
Preloading 0 native plugins for Editor in 0.00 ms.
Unloading 1116 Unused Serialized files (Serialized files now loaded: 0)
System memory in use before: 60.8 MB.
System memory in use after: 60.9 MB.

Unloading 5 unused Assets to reduce memory usage. Loaded Objects now: 1585.
Total: 1.441600 ms (FindLiveObjects: 0.119500 ms CreateObjectMapping: 0.033300 ms MarkObjects: 1.250600 ms  DeleteObjects: 0.037600 ms)

========================================================================
Received Import Request.
  Time since last request: 15.807405 seconds.
  path: Assets/Prefabs/Grenade.prefab
  artifactKey: Guid(1d68302208b60fd47a719533fdae146f) Importer(815301076,1909f56bfc062723c751e8b465ee728b)
Start importing Assets/Prefabs/Grenade.prefab using Guid(1d68302208b60fd47a719533fdae146f) Importer(815301076,1909f56bfc062723c751e8b465ee728b)  -> (artifact id: '2cf4519e289d9ed5e8b35cd2a48fb731') in 0.060105 seconds
  Import took 0.061875 seconds .

========================================================================
Received Import Request.
  Time since last request: 0.777747 seconds.
  path: Assets/Prefabs/Grenade.prefab
  artifactKey: Guid(1d68302208b60fd47a719533fdae146f) Importer(815301076,1909f56bfc062723c751e8b465ee728b)
Start importing Assets/Prefabs/Grenade.prefab using Guid(1d68302208b60fd47a719533fdae146f) Importer(815301076,1909f56bfc062723c751e8b465ee728b)  -> (artifact id: '508a562cf9f30bb5a69220b5d22cada0') in 0.011476 seconds
  Import took 0.013335 seconds .

========================================================================
Received Import Request.
  Time since last request: 3.609644 seconds.
  path: Assets/Prefabs/Grenade.prefab
  artifactKey: Guid(1d68302208b60fd47a719533fdae146f) Importer(815301076,1909f56bfc062723c751e8b465ee728b)
Start importing Assets/Prefabs/Grenade.prefab using Guid(1d68302208b60fd47a719533fdae146f) Importer(815301076,1909f56bfc062723c751e8b465ee728b)  -> (artifact id: 'c680b2b42cf2ff2e9814bd629cad1c10') in 0.012091 seconds
  Import took 0.014059 seconds .

========================================================================
Received Prepare
Registering precompiled user dll's ...
Registered in 0.000534 seconds.
Begin MonoManager ReloadAssembly
Native extension for WindowsStandalone target not found
Native extension for WebGL target not found
Refreshing native plugins compatible for Editor in 0.28 ms, found 0 plugins.
Preloading 0 native plugins for Editor in 0.00 ms.
Mono: successfully reloaded assembly
- Completed reload, in  0.663 seconds
Platform modules already initialized, skipping
Refreshing native plugins compatible for Editor in 0.19 ms, found 0 plugins.
Preloading 0 native plugins for Editor in 0.00 ms.
Unloading 1116 Unused Serialized files (Serialized files now loaded: 0)
System memory in use before: 60.8 MB.
System memory in use after: 60.9 MB.

Unloading 5 unused Assets to reduce memory usage. Loaded Objects now: 1589.
Total: 1.525900 ms (FindLiveObjects: 0.147900 ms CreateObjectMapping: 0.037100 ms MarkObjects: 1.295600 ms  DeleteObjects: 0.044300 ms)

========================================================================
Received Import Request.
  Time since last request: 14.160952 seconds.
  path: Assets/Prefabs/Grenade.prefab
  artifactKey: Guid(1d68302208b60fd47a719533fdae146f) Importer(815301076,1909f56bfc062723c751e8b465ee728b)
Start importing Assets/Prefabs/Grenade.prefab using Guid(1d68302208b60fd47a719533fdae146f) Importer(815301076,1909f56bfc062723c751e8b465ee728b)  -> (artifact id: 'd4a1f3854cd05c934731c2a26f672385') in 0.051867 seconds
  Import took 0.053709 seconds .

========================================================================
Received Import Request.
  Time since last request: 0.124451 seconds.
  path: Assets/Prefabs/Grenade.prefab
  artifactKey: Guid(1d68302208b60fd47a719533fdae146f) Importer(815301076,1909f56bfc062723c751e8b465ee728b)
Start importing Assets/Prefabs/Grenade.prefab using Guid(1d68302208b60fd47a719533fdae146f) Importer(815301076,1909f56bfc062723c751e8b465ee728b)  -> (artifact id: '11255e106eff6eac7bfe5cd187b59176') in 0.007142 seconds
  Import took 0.008998 seconds .

========================================================================
Received Import Request.
  Time since last request: 0.010612 seconds.
  path: Assets/Prefabs/Grenade.prefab
  artifactKey: Guid(1d68302208b60fd47a719533fdae146f) Importer(815301076,1909f56bfc062723c751e8b465ee728b)
Start importing Assets/Prefabs/Grenade.prefab using Guid(1d68302208b60fd47a719533fdae146f) Importer(815301076,1909f56bfc062723c751e8b465ee728b)  -> (artifact id: '11255e106eff6eac7bfe5cd187b59176') in 0.007469 seconds
  Import took 0.009695 seconds .

========================================================================
Received Import Request.
  Time since last request: 0.373267 seconds.
  path: Assets/Prefabs/Grenade.prefab
  artifactKey: Guid(1d68302208b60fd47a719533fdae146f) Importer(815301076,1909f56bfc062723c751e8b465ee728b)
Start importing Assets/Prefabs/Grenade.prefab using Guid(1d68302208b60fd47a719533fdae146f) Importer(815301076,1909f56bfc062723c751e8b465ee728b)  -> (artifact id: '4cbdbbaabe0b82dce45d1e894c7d7e0b') in 0.330722 seconds
  Import took 0.332741 seconds .

========================================================================
Received Import Request.
  Time since last request: 0.028552 seconds.
  path: Assets/Prefabs/Grenade.prefab
  artifactKey: Guid(1d68302208b60fd47a719533fdae146f) Importer(815301076,1909f56bfc062723c751e8b465ee728b)
Start importing Assets/Prefabs/Grenade.prefab using Guid(1d68302208b60fd47a719533fdae146f) Importer(815301076,1909f56bfc062723c751e8b465ee728b)  -> (artifact id: '785a24b8e6570be5eaea76c5fe644a6b') in 0.006553 seconds
  Import took 0.008673 seconds .

========================================================================
Received Import Request.
  Time since last request: 0.013591 seconds.
  path: Assets/Prefabs/Grenade.prefab
  artifactKey: Guid(1d68302208b60fd47a719533fdae146f) Importer(815301076,1909f56bfc062723c751e8b465ee728b)
Start importing Assets/Prefabs/Grenade.prefab using Guid(1d68302208b60fd47a719533fdae146f) Importer(815301076,1909f56bfc062723c751e8b465ee728b)  -> (artifact id: '785a24b8e6570be5eaea76c5fe644a6b') in 0.010149 seconds
  Import took 0.012763 seconds .

========================================================================
Received Import Request.
  Time since last request: 1.848608 seconds.
  path: Assets/Prefabs/Grenade.prefab
  artifactKey: Guid(1d68302208b60fd47a719533fdae146f) Importer(815301076,1909f56bfc062723c751e8b465ee728b)
Start importing Assets/Prefabs/Grenade.prefab using Guid(1d68302208b60fd47a719533fdae146f) Importer(815301076,1909f56bfc062723c751e8b465ee728b)  -> (artifact id: '6c853d4ce9d9ac0e75fe1b2e4286c15e') in 0.010777 seconds
  Import took 0.012655 seconds .

========================================================================
Received Import Request.
  Time since last request: 0.012092 seconds.
  path: Assets/Prefabs/Grenade.prefab
  artifactKey: Guid(1d68302208b60fd47a719533fdae146f) Importer(815301076,1909f56bfc062723c751e8b465ee728b)
Start importing Assets/Prefabs/Grenade.prefab using Guid(1d68302208b60fd47a719533fdae146f) Importer(815301076,1909f56bfc062723c751e8b465ee728b)  -> (artifact id: '6c853d4ce9d9ac0e75fe1b2e4286c15e') in 0.007399 seconds
  Import took 0.009291 seconds .

========================================================================
Received Import Request.
  Time since last request: 1.248266 seconds.
  path: Assets/Prefabs/Grenade.prefab
  artifactKey: Guid(1d68302208b60fd47a719533fdae146f) Importer(815301076,1909f56bfc062723c751e8b465ee728b)
Start importing Assets/Prefabs/Grenade.prefab using Guid(1d68302208b60fd47a719533fdae146f) Importer(815301076,1909f56bfc062723c751e8b465ee728b)  -> (artifact id: 'bf9f85cf3231f33fcccba70905613b31') in 0.007609 seconds
  Import took 0.009743 seconds .

========================================================================
Received Import Request.
  Time since last request: 0.010015 seconds.
  path: Assets/Prefabs/Grenade.prefab
  artifactKey: Guid(1d68302208b60fd47a719533fdae146f) Importer(815301076,1909f56bfc062723c751e8b465ee728b)
Start importing Assets/Prefabs/Grenade.prefab using Guid(1d68302208b60fd47a719533fdae146f) Importer(815301076,1909f56bfc062723c751e8b465ee728b)  -> (artifact id: 'bf9f85cf3231f33fcccba70905613b31') in 0.011510 seconds
  Import took 0.013408 seconds .

========================================================================
Received Prepare
Registering precompiled user dll's ...
Registered in 0.000608 seconds.
Begin MonoManager ReloadAssembly
Native extension for WindowsStandalone target not found
Native extension for WebGL target not found
Refreshing native plugins compatible for Editor in 0.27 ms, found 0 plugins.
Preloading 0 native plugins for Editor in 0.00 ms.
Mono: successfully reloaded assembly
- Completed reload, in  0.783 seconds
Platform modules already initialized, skipping
Refreshing native plugins compatible for Editor in 0.28 ms, found 0 plugins.
Preloading 0 native plugins for Editor in 0.00 ms.
Unloading 1116 Unused Serialized files (Serialized files now loaded: 0)
System memory in use before: 60.9 MB.
System memory in use after: 60.9 MB.

Unloading 5 unused Assets to reduce memory usage. Loaded Objects now: 1593.
Total: 1.334300 ms (FindLiveObjects: 0.120900 ms CreateObjectMapping: 0.031800 ms MarkObjects: 1.127000 ms  DeleteObjects: 0.053500 ms)

========================================================================
Received Import Request.
  Time since last request: 16.242034 seconds.
  path: Assets/Prefabs/Grenade.prefab
  artifactKey: Guid(1d68302208b60fd47a719533fdae146f) Importer(815301076,1909f56bfc062723c751e8b465ee728b)
Start importing Assets/Prefabs/Grenade.prefab using Guid(1d68302208b60fd47a719533fdae146f) Importer(815301076,1909f56bfc062723c751e8b465ee728b)  -> (artifact id: '1647870ef79f4c935eeae7392259d8c0') in 0.056882 seconds
  Import took 0.059258 seconds .

========================================================================
Received Import Request.
  Time since last request: 41.277703 seconds.
  path: Assets/Prefabs/Grenade.prefab
  artifactKey: Guid(1d68302208b60fd47a719533fdae146f) Importer(815301076,1909f56bfc062723c751e8b465ee728b)
Start importing Assets/Prefabs/Grenade.prefab using Guid(1d68302208b60fd47a719533fdae146f) Importer(815301076,1909f56bfc062723c751e8b465ee728b)  -> (artifact id: '91ecc2fd9a9b149aa6219a8de54b3a48') in 0.008795 seconds
  Import took 0.011001 seconds .

========================================================================
Received Import Request.
  Time since last request: 0.011424 seconds.
  path: Assets/Prefabs/Grenade.prefab
  artifactKey: Guid(1d68302208b60fd47a719533fdae146f) Importer(815301076,1909f56bfc062723c751e8b465ee728b)
Start importing Assets/Prefabs/Grenade.prefab using Guid(1d68302208b60fd47a719533fdae146f) Importer(815301076,1909f56bfc062723c751e8b465ee728b)  -> (artifact id: '91ecc2fd9a9b149aa6219a8de54b3a48') in 0.013526 seconds
  Import took 0.015352 seconds .

========================================================================
Received Import Request.
  Time since last request: 24.541217 seconds.
  path: Assets/Prefabs/Grenade.prefab
  artifactKey: Guid(1d68302208b60fd47a719533fdae146f) Importer(815301076,1909f56bfc062723c751e8b465ee728b)
Start importing Assets/Prefabs/Grenade.prefab using Guid(1d68302208b60fd47a719533fdae146f) Importer(815301076,1909f56bfc062723c751e8b465ee728b)  -> (artifact id: '3b107af5fd6980d640592870bb0a89ad') in 0.013897 seconds
  Import took 0.015876 seconds .

========================================================================
Received Import Request.
  Time since last request: 14.722977 seconds.
  path: Assets/Prefabs/Grenade.prefab
  artifactKey: Guid(1d68302208b60fd47a719533fdae146f) Importer(815301076,1909f56bfc062723c751e8b465ee728b)
Start importing Assets/Prefabs/Grenade.prefab using Guid(1d68302208b60fd47a719533fdae146f) Importer(815301076,1909f56bfc062723c751e8b465ee728b)  -> (artifact id: '390e4d29d1fd5db40da09d14648e8e47') in 0.010826 seconds
  Import took 0.012662 seconds .

========================================================================
Received Import Request.
  Time since last request: 1.778647 seconds.
  path: Assets/Prefabs/Grenade.prefab
  artifactKey: Guid(1d68302208b60fd47a719533fdae146f) Importer(815301076,1909f56bfc062723c751e8b465ee728b)
Start importing Assets/Prefabs/Grenade.prefab using Guid(1d68302208b60fd47a719533fdae146f) Importer(815301076,1909f56bfc062723c751e8b465ee728b)  -> (artifact id: '70c671bc69c80bf48370e5a38786dcce') in 0.011676 seconds
  Import took 0.013620 seconds .

========================================================================
Received Import Request.
  Time since last request: 14.772933 seconds.
  path: Assets/Prefabs/Grenade.prefab
  artifactKey: Guid(1d68302208b60fd47a719533fdae146f) Importer(815301076,1909f56bfc062723c751e8b465ee728b)
Start importing Assets/Prefabs/Grenade.prefab using Guid(1d68302208b60fd47a719533fdae146f) Importer(815301076,1909f56bfc062723c751e8b465ee728b)  -> (artifact id: '40ca0f390f601ecd0508f9c5adad1d73') in 0.014243 seconds
  Import took 0.016464 seconds .

========================================================================
Received Import Request.
  Time since last request: 1.865736 seconds.
  path: Assets/Prefabs/Grenade.prefab
  artifactKey: Guid(1d68302208b60fd47a719533fdae146f) Importer(815301076,1909f56bfc062723c751e8b465ee728b)
Start importing Assets/Prefabs/Grenade.prefab using Guid(1d68302208b60fd47a719533fdae146f) Importer(815301076,1909f56bfc062723c751e8b465ee728b)  -> (artifact id: '8b9765cde3dd9e32571d23a6918974b8') in 0.007550 seconds
  Import took 0.009309 seconds .

========================================================================
Received Import Request.
  Time since last request: 1.743188 seconds.
  path: Assets/Prefabs/Grenade.prefab
  artifactKey: Guid(1d68302208b60fd47a719533fdae146f) Importer(815301076,1909f56bfc062723c751e8b465ee728b)
Start importing Assets/Prefabs/Grenade.prefab using Guid(1d68302208b60fd47a719533fdae146f) Importer(815301076,1909f56bfc062723c751e8b465ee728b)  -> (artifact id: '71c15d5aa6ff7d763e9ede620a60f7a4') in 0.011647 seconds
  Import took 0.013448 seconds .

========================================================================
Received Import Request.
  Time since last request: 6.641947 seconds.
  path: Assets/Prefabs/Grenade.prefab
  artifactKey: Guid(1d68302208b60fd47a719533fdae146f) Importer(815301076,1909f56bfc062723c751e8b465ee728b)
Start importing Assets/Prefabs/Grenade.prefab using Guid(1d68302208b60fd47a719533fdae146f) Importer(815301076,1909f56bfc062723c751e8b465ee728b)  -> (artifact id: '544854e0c050f9bb1db1beb964b39346') in 0.012025 seconds
  Import took 0.013947 seconds .

========================================================================
Received Import Request.
  Time since last request: 1.596455 seconds.
  path: Assets/Prefabs/Grenade.prefab
  artifactKey: Guid(1d68302208b60fd47a719533fdae146f) Importer(815301076,1909f56bfc062723c751e8b465ee728b)
Start importing Assets/Prefabs/Grenade.prefab using Guid(1d68302208b60fd47a719533fdae146f) Importer(815301076,1909f56bfc062723c751e8b465ee728b)  -> (artifact id: '2c7c1b0dd51e716c4d48cdb28c9dab7a') in 0.014796 seconds
  Import took 0.017224 seconds .

========================================================================
Received Import Request.
  Time since last request: 4.226541 seconds.
  path: Assets/Prefabs/Grenade.prefab
  artifactKey: Guid(1d68302208b60fd47a719533fdae146f) Importer(815301076,1909f56bfc062723c751e8b465ee728b)
Start importing Assets/Prefabs/Grenade.prefab using Guid(1d68302208b60fd47a719533fdae146f) Importer(815301076,1909f56bfc062723c751e8b465ee728b)  -> (artifact id: '13c2b5bbbdf69d58bb2158181dee1801') in 0.010765 seconds
  Import took 0.012553 seconds .

========================================================================
Received Import Request.
  Time since last request: 1.829571 seconds.
  path: Assets/Prefabs/Grenade.prefab
  artifactKey: Guid(1d68302208b60fd47a719533fdae146f) Importer(815301076,1909f56bfc062723c751e8b465ee728b)
Start importing Assets/Prefabs/Grenade.prefab using Guid(1d68302208b60fd47a719533fdae146f) Importer(815301076,1909f56bfc062723c751e8b465ee728b)  -> (artifact id: '268c9ba3ea50914ea32ac4f31d47c707') in 0.011643 seconds
  Import took 0.013541 seconds .

========================================================================
Received Import Request.
  Time since last request: 4.225900 seconds.
  path: Assets/Prefabs/Grenade.prefab
  artifactKey: Guid(1d68302208b60fd47a719533fdae146f) Importer(815301076,1909f56bfc062723c751e8b465ee728b)
Start importing Assets/Prefabs/Grenade.prefab using Guid(1d68302208b60fd47a719533fdae146f) Importer(815301076,1909f56bfc062723c751e8b465ee728b)  -> (artifact id: '44f290f14bca60a6da8dfc43e7fd7ad0') in 0.011859 seconds
  Import took 0.013808 seconds .

========================================================================
Received Import Request.
  Time since last request: 3.637405 seconds.
  path: Assets/Prefabs/Grenade.prefab
  artifactKey: Guid(1d68302208b60fd47a719533fdae146f) Importer(815301076,1909f56bfc062723c751e8b465ee728b)
Start importing Assets/Prefabs/Grenade.prefab using Guid(1d68302208b60fd47a719533fdae146f) Importer(815301076,1909f56bfc062723c751e8b465ee728b)  -> (artifact id: 'f905536d91bd8d164c9a9fea225d90a7') in 0.012272 seconds
  Import took 0.014898 seconds .

========================================================================
Received Import Request.
  Time since last request: 8.887371 seconds.
  path: Assets/Prefabs/Grenade.prefab
  artifactKey: Guid(1d68302208b60fd47a719533fdae146f) Importer(815301076,1909f56bfc062723c751e8b465ee728b)
Start importing Assets/Prefabs/Grenade.prefab using Guid(1d68302208b60fd47a719533fdae146f) Importer(815301076,1909f56bfc062723c751e8b465ee728b)  -> (artifact id: '085b12c598a3e821c42cc3d25b5c0164') in 0.012910 seconds
  Import took 0.014637 seconds .

========================================================================
Received Prepare
Registering precompiled user dll's ...
Registered in 0.000478 seconds.
Begin MonoManager ReloadAssembly
Native extension for WindowsStandalone target not found
Native extension for WebGL target not found
Refreshing native plugins compatible for Editor in 0.19 ms, found 0 plugins.
Preloading 0 native plugins for Editor in 0.00 ms.
Mono: successfully reloaded assembly
- Completed reload, in  0.662 seconds
Platform modules already initialized, skipping
Refreshing native plugins compatible for Editor in 0.19 ms, found 0 plugins.
Preloading 0 native plugins for Editor in 0.00 ms.
Unloading 1116 Unused Serialized files (Serialized files now loaded: 0)
System memory in use before: 60.9 MB.
System memory in use after: 61.0 MB.

Unloading 5 unused Assets to reduce memory usage. Loaded Objects now: 1597.
Total: 1.489100 ms (FindLiveObjects: 0.132500 ms CreateObjectMapping: 0.032700 ms MarkObjects: 1.274300 ms  DeleteObjects: 0.048900 ms)

========================================================================
Received Import Request.
  Time since last request: 31.392188 seconds.
  path: Assets/Animations/xbot@Running.fbx
  artifactKey: Guid(21539af2ffc05464ebe1a6dbb14e147c) Importer(815301076,1909f56bfc062723c751e8b465ee728b)
Start importing Assets/Animations/xbot@Running.fbx using Guid(21539af2ffc05464ebe1a6dbb14e147c) Importer(815301076,1909f56bfc062723c751e8b465ee728b)  -> (artifact id: 'df85fd72cce3bded3ce2a454930f2110') in 0.151225 seconds
  Import took 0.153639 seconds .

========================================================================
Received Import Request.
  Time since last request: 179.614663 seconds.
  path: Assets/Scripts/Bullet.cs
  artifactKey: Guid(3d7a22463754e8043bc3d85cd410d81a) Importer(815301076,1909f56bfc062723c751e8b465ee728b)
Start importing Assets/Scripts/Bullet.cs using Guid(3d7a22463754e8043bc3d85cd410d81a) Importer(815301076,1909f56bfc062723c751e8b465ee728b)  -> (artifact id: 'a6e292fb352d1d7e9b6c762b3f9ac329') in 0.006017 seconds
  Import took 0.007667 seconds .

========================================================================
Received Import Request.
  Time since last request: 0.000950 seconds.
  path: Assets/Scripts/Bullet.cs
  artifactKey: Guid(3d7a22463754e8043bc3d85cd410d81a) Importer(815301076,1909f56bfc062723c751e8b465ee728b)
Start importing Assets/Scripts/Bullet.cs using Guid(3d7a22463754e8043bc3d85cd410d81a) Importer(815301076,1909f56bfc062723c751e8b465ee728b)  -> (artifact id: 'a6e292fb352d1d7e9b6c762b3f9ac329') in 0.001390 seconds
  Import took 0.003017 seconds .

========================================================================
Received Prepare
Registering precompiled user dll's ...
Registered in 0.000508 seconds.
Begin MonoManager ReloadAssembly
Native extension for WindowsStandalone target not found
Native extension for WebGL target not found
Refreshing native plugins compatible for Editor in 0.19 ms, found 0 plugins.
Preloading 0 native plugins for Editor in 0.00 ms.
Mono: successfully reloaded assembly
- Completed reload, in  0.696 seconds
Platform modules already initialized, skipping
Refreshing native plugins compatible for Editor in 0.19 ms, found 0 plugins.
Preloading 0 native plugins for Editor in 0.00 ms.
Unloading 1116 Unused Serialized files (Serialized files now loaded: 0)
System memory in use before: 60.9 MB.
System memory in use after: 61.0 MB.

Unloading 5 unused Assets to reduce memory usage. Loaded Objects now: 1600.
Total: 1.644200 ms (FindLiveObjects: 0.133100 ms CreateObjectMapping: 0.032500 ms MarkObjects: 1.428000 ms  DeleteObjects: 0.049800 ms)

========================================================================
Received Import Request.
  Time since last request: 101.363278 seconds.
  path: Assets/Scripts/Bullet.cs
  artifactKey: Guid(3d7a22463754e8043bc3d85cd410d81a) Importer(815301076,1909f56bfc062723c751e8b465ee728b)
Start importing Assets/Scripts/Bullet.cs using Guid(3d7a22463754e8043bc3d85cd410d81a) Importer(815301076,1909f56bfc062723c751e8b465ee728b)  -> (artifact id: 'b65a68d2ffa93809a8c65dccc3e301d6') in 0.003110 seconds
  Import took 0.004730 seconds .

========================================================================
Received Import Request.
  Time since last request: 1.085269 seconds.
  path: Assets/Scripts/Bullet.cs
  artifactKey: Guid(3d7a22463754e8043bc3d85cd410d81a) Importer(815301076,1909f56bfc062723c751e8b465ee728b)
Start importing Assets/Scripts/Bullet.cs using Guid(3d7a22463754e8043bc3d85cd410d81a) Importer(815301076,1909f56bfc062723c751e8b465ee728b)  -> (artifact id: 'b65a68d2ffa93809a8c65dccc3e301d6') in 0.001342 seconds
  Import took 0.002948 seconds .

========================================================================
Received Prepare
Registering precompiled user dll's ...
Registered in 0.000501 seconds.
Begin MonoManager ReloadAssembly
Native extension for WindowsStandalone target not found
Native extension for WebGL target not found
Refreshing native plugins compatible for Editor in 0.31 ms, found 0 plugins.
Preloading 0 native plugins for Editor in 0.00 ms.
Mono: successfully reloaded assembly
- Completed reload, in  0.684 seconds
Platform modules already initialized, skipping
Refreshing native plugins compatible for Editor in 0.19 ms, found 0 plugins.
Preloading 0 native plugins for Editor in 0.00 ms.
Unloading 1116 Unused Serialized files (Serialized files now loaded: 0)
System memory in use before: 60.9 MB.
System memory in use after: 61.0 MB.

Unloading 5 unused Assets to reduce memory usage. Loaded Objects now: 1603.
Total: 1.620400 ms (FindLiveObjects: 0.135900 ms CreateObjectMapping: 0.037300 ms MarkObjects: 1.402700 ms  DeleteObjects: 0.043400 ms)

========================================================================
Received Import Request.
  Time since last request: 20.837352 seconds.
  path: Assets/Scripts/Bullet.cs
  artifactKey: Guid(3d7a22463754e8043bc3d85cd410d81a) Importer(815301076,1909f56bfc062723c751e8b465ee728b)
Start importing Assets/Scripts/Bullet.cs using Guid(3d7a22463754e8043bc3d85cd410d81a) Importer(815301076,1909f56bfc062723c751e8b465ee728b)  -> (artifact id: '78919f218524c80d11229693c980d255') in 0.003071 seconds
  Import took 0.004678 seconds .

========================================================================
Received Import Request.
  Time since last request: 1.145420 seconds.
  path: Assets/Scripts/Bullet.cs
  artifactKey: Guid(3d7a22463754e8043bc3d85cd410d81a) Importer(815301076,1909f56bfc062723c751e8b465ee728b)
Start importing Assets/Scripts/Bullet.cs using Guid(3d7a22463754e8043bc3d85cd410d81a) Importer(815301076,1909f56bfc062723c751e8b465ee728b)  -> (artifact id: '78919f218524c80d11229693c980d255') in 0.001712 seconds
  Import took 0.003718 seconds .

========================================================================
Received Prepare
Registering precompiled user dll's ...
Registered in 0.000740 seconds.
Begin MonoManager ReloadAssembly
Native extension for WindowsStandalone target not found
Native extension for WebGL target not found
Refreshing native plugins compatible for Editor in 0.19 ms, found 0 plugins.
Preloading 0 native plugins for Editor in 0.00 ms.
Mono: successfully reloaded assembly
- Completed reload, in  0.701 seconds
Platform modules already initialized, skipping
Refreshing native plugins compatible for Editor in 0.19 ms, found 0 plugins.
Preloading 0 native plugins for Editor in 0.00 ms.
Unloading 1116 Unused Serialized files (Serialized files now loaded: 0)
System memory in use before: 60.9 MB.
System memory in use after: 61.0 MB.

Unloading 5 unused Assets to reduce memory usage. Loaded Objects now: 1606.
Total: 1.615100 ms (FindLiveObjects: 0.122700 ms CreateObjectMapping: 0.032600 ms MarkObjects: 1.412700 ms  DeleteObjects: 0.046100 ms)

========================================================================
Received Import Request.
  Time since last request: 70.157376 seconds.
  path: Assets/Scripts/Bullet.cs
  artifactKey: Guid(3d7a22463754e8043bc3d85cd410d81a) Importer(815301076,1909f56bfc062723c751e8b465ee728b)
Start importing Assets/Scripts/Bullet.cs using Guid(3d7a22463754e8043bc3d85cd410d81a) Importer(815301076,1909f56bfc062723c751e8b465ee728b)  -> (artifact id: '4b1bbd8685c4223a3a4c7fb59c011b44') in 0.003139 seconds
  Import took 0.005186 seconds .

========================================================================
Received Import Request.
  Time since last request: 1.111420 seconds.
  path: Assets/Scripts/Bullet.cs
  artifactKey: Guid(3d7a22463754e8043bc3d85cd410d81a) Importer(815301076,1909f56bfc062723c751e8b465ee728b)
Start importing Assets/Scripts/Bullet.cs using Guid(3d7a22463754e8043bc3d85cd410d81a) Importer(815301076,1909f56bfc062723c751e8b465ee728b)  -> (artifact id: '4b1bbd8685c4223a3a4c7fb59c011b44') in 0.001681 seconds
  Import took 0.003585 seconds .

========================================================================
Received Prepare
Registering precompiled user dll's ...
Registered in 0.000781 seconds.
Begin MonoManager ReloadAssembly
Native extension for WindowsStandalone target not found
Native extension for WebGL target not found
Refreshing native plugins compatible for Editor in 0.19 ms, found 0 plugins.
Preloading 0 native plugins for Editor in 0.00 ms.
Mono: successfully reloaded assembly
- Completed reload, in  0.678 seconds
Platform modules already initialized, skipping
Refreshing native plugins compatible for Editor in 0.19 ms, found 0 plugins.
Preloading 0 native plugins for Editor in 0.00 ms.
Unloading 1116 Unused Serialized files (Serialized files now loaded: 0)
System memory in use before: 60.9 MB.
System memory in use after: 61.0 MB.

Unloading 5 unused Assets to reduce memory usage. Loaded Objects now: 1609.
Total: 1.658300 ms (FindLiveObjects: 0.161200 ms CreateObjectMapping: 0.060800 ms MarkObjects: 1.379500 ms  DeleteObjects: 0.055400 ms)

========================================================================
Received Import Request.
  Time since last request: 51.845799 seconds.
  path: Assets/Scripts/Bullet.cs
  artifactKey: Guid(3d7a22463754e8043bc3d85cd410d81a) Importer(815301076,1909f56bfc062723c751e8b465ee728b)
Start importing Assets/Scripts/Bullet.cs using Guid(3d7a22463754e8043bc3d85cd410d81a) Importer(815301076,1909f56bfc062723c751e8b465ee728b)  -> (artifact id: '0036f1d9dea57bb8daa2b411191ef74d') in 0.002971 seconds
  Import took 0.004707 seconds .

========================================================================
Received Prepare
Registering precompiled user dll's ...
Registered in 0.000607 seconds.
Begin MonoManager ReloadAssembly
Native extension for WindowsStandalone target not found
Native extension for WebGL target not found
Refreshing native plugins compatible for Editor in 0.19 ms, found 0 plugins.
Preloading 0 native plugins for Editor in 0.00 ms.
Mono: successfully reloaded assembly
- Completed reload, in  0.709 seconds
Platform modules already initialized, skipping
Refreshing native plugins compatible for Editor in 0.19 ms, found 0 plugins.
Preloading 0 native plugins for Editor in 0.00 ms.
Unloading 1116 Unused Serialized files (Serialized files now loaded: 0)
System memory in use before: 60.9 MB.
System memory in use after: 61.0 MB.

Unloading 5 unused Assets to reduce memory usage. Loaded Objects now: 1612.
Total: 1.572500 ms (FindLiveObjects: 0.110500 ms CreateObjectMapping: 0.030700 ms MarkObjects: 1.387900 ms  DeleteObjects: 0.042600 ms)

========================================================================
Received Import Request.
  Time since last request: 43.195625 seconds.
  path: Assets/Scripts/Bullet.cs
  artifactKey: Guid(3d7a22463754e8043bc3d85cd410d81a) Importer(815301076,1909f56bfc062723c751e8b465ee728b)
Start importing Assets/Scripts/Bullet.cs using Guid(3d7a22463754e8043bc3d85cd410d81a) Importer(815301076,1909f56bfc062723c751e8b465ee728b)  -> (artifact id: 'bb52952dbcbf648d5042e5ec5bd56106') in 0.003214 seconds
  Import took 0.004987 seconds .

========================================================================
Received Import Request.
  Time since last request: 1.085873 seconds.
  path: Assets/Scripts/Bullet.cs
  artifactKey: Guid(3d7a22463754e8043bc3d85cd410d81a) Importer(815301076,1909f56bfc062723c751e8b465ee728b)
Start importing Assets/Scripts/Bullet.cs using Guid(3d7a22463754e8043bc3d85cd410d81a) Importer(815301076,1909f56bfc062723c751e8b465ee728b)  -> (artifact id: 'bb52952dbcbf648d5042e5ec5bd56106') in 0.001546 seconds
  Import took 0.003208 seconds .

========================================================================
Received Prepare
Registering precompiled user dll's ...
Registered in 0.000508 seconds.
Begin MonoManager ReloadAssembly
Native extension for WindowsStandalone target not found
Native extension for WebGL target not found
Refreshing native plugins compatible for Editor in 0.19 ms, found 0 plugins.
Preloading 0 native plugins for Editor in 0.00 ms.
Mono: successfully reloaded assembly
- Completed reload, in  0.700 seconds
Platform modules already initialized, skipping
Refreshing native plugins compatible for Editor in 0.19 ms, found 0 plugins.
Preloading 0 native plugins for Editor in 0.00 ms.
Unloading 1116 Unused Serialized files (Serialized files now loaded: 0)
System memory in use before: 60.9 MB.
System memory in use after: 61.0 MB.

Unloading 5 unused Assets to reduce memory usage. Loaded Objects now: 1615.
Total: 1.548700 ms (FindLiveObjects: 0.123000 ms CreateObjectMapping: 0.035700 ms MarkObjects: 1.345600 ms  DeleteObjects: 0.043600 ms)

========================================================================
Received Import Request.
  Time since last request: 48.407764 seconds.
  path: Assets/Scripts/Bullet.cs
  artifactKey: Guid(3d7a22463754e8043bc3d85cd410d81a) Importer(815301076,1909f56bfc062723c751e8b465ee728b)
Start importing Assets/Scripts/Bullet.cs using Guid(3d7a22463754e8043bc3d85cd410d81a) Importer(815301076,1909f56bfc062723c751e8b465ee728b)  -> (artifact id: 'a21efc495b94385ad2e9b079f8898205') in 0.003093 seconds
  Import took 0.004722 seconds .

========================================================================
Received Import Request.
  Time since last request: 1.056044 seconds.
  path: Assets/Scripts/Bullet.cs
  artifactKey: Guid(3d7a22463754e8043bc3d85cd410d81a) Importer(815301076,1909f56bfc062723c751e8b465ee728b)
Start importing Assets/Scripts/Bullet.cs using Guid(3d7a22463754e8043bc3d85cd410d81a) Importer(815301076,1909f56bfc062723c751e8b465ee728b)  -> (artifact id: 'a21efc495b94385ad2e9b079f8898205') in 0.001807 seconds
  Import took 0.003908 seconds .

========================================================================
Received Prepare
Registering precompiled user dll's ...
Registered in 0.000500 seconds.
Begin MonoManager ReloadAssembly
Native extension for WindowsStandalone target not found
Native extension for WebGL target not found
Refreshing native plugins compatible for Editor in 0.19 ms, found 0 plugins.
Preloading 0 native plugins for Editor in 0.00 ms.
Mono: successfully reloaded assembly
- Completed reload, in  0.693 seconds
Platform modules already initialized, skipping
Refreshing native plugins compatible for Editor in 0.19 ms, found 0 plugins.
Preloading 0 native plugins for Editor in 0.00 ms.
Unloading 1116 Unused Serialized files (Serialized files now loaded: 0)
System memory in use before: 60.9 MB.
System memory in use after: 61.0 MB.

Unloading 5 unused Assets to reduce memory usage. Loaded Objects now: 1618.
Total: 1.477000 ms (FindLiveObjects: 0.112800 ms CreateObjectMapping: 0.030900 ms MarkObjects: 1.293300 ms  DeleteObjects: 0.039100 ms)

========================================================================
Received Import Request.
  Time since last request: 12.371763 seconds.
  path: Assets/Scripts/Bullet.cs
  artifactKey: Guid(3d7a22463754e8043bc3d85cd410d81a) Importer(815301076,1909f56bfc062723c751e8b465ee728b)
Start importing Assets/Scripts/Bullet.cs using Guid(3d7a22463754e8043bc3d85cd410d81a) Importer(815301076,1909f56bfc062723c751e8b465ee728b)  -> (artifact id: '450a5fd9418b6f6ef980cf0a31ca68ab') in 0.002985 seconds
  Import took 0.004577 seconds .

========================================================================
Received Import Request.
  Time since last request: 2.958775 seconds.
  path: Assets/Scenes/SampleScene.unity
  artifactKey: Guid(9fc0d4010bbf28b4594072e72b8655ab) Importer(815301076,1909f56bfc062723c751e8b465ee728b)
Start importing Assets/Scenes/SampleScene.unity using Guid(9fc0d4010bbf28b4594072e72b8655ab) Importer(815301076,1909f56bfc062723c751e8b465ee728b)  -> (artifact id: 'e122c1be6746f57643a77f0786082425') in 0.012674 seconds
  Import took 0.014471 seconds .

========================================================================
Received Import Request.
  Time since last request: 11.684004 seconds.
  path: Assets/Scenes/GameScene.unity
  artifactKey: Guid(9fc0d4010bbf28b4594072e72b8655ab) Importer(815301076,1909f56bfc062723c751e8b465ee728b)
Start importing Assets/Scenes/GameScene.unity using Guid(9fc0d4010bbf28b4594072e72b8655ab) Importer(815301076,1909f56bfc062723c751e8b465ee728b)  -> (artifact id: '3eef740e2d42c4bd709ab7fb8b5eba2b') in 0.005577 seconds
  Import took 0.007240 seconds .

AssetImportWorkerClient::OnTransportError - code=2 error=End of file
