Using pre-set license
Built from '2020.3/staging' branch; Version is '2020.3.4f1 (0abb6314276a) revision 703331'; Using compiler version '192528614'; Build Type 'Release'
OS: 'Windows 10 Pro; OS build 19043.1110; Version 2009; 64bit' Language: 'tr' Physical Memory: 32606 MB
BatchMode: 1, IsHumanControllingUs: 0, StartBugReporterOnCrash: 0, Is64bit: 1, IsPro: 0

 COMMAND LINE ARGUMENTS:
C:\Program Files\Unity\Hub\Editor\2020.3.4f1\Editor\Unity.exe
-adb2
-batchMode
-noUpm
-name
AssetImportWorker0
-projectPath
D:/MyGithub/My-First-Game
-logFile
Logs/AssetImportWorker0.log
-srvPort
62922
Successfully changed project path to: D:/MyGithub/My-First-Game
D:/MyGithub/My-First-Game
Using Asset Import Pipeline V2.
Refreshing native plugins compatible for Editor in 24.36 ms, found 0 plugins.
Preloading 0 native plugins for Editor in 0.00 ms.
Initialize engine version: 2020.3.4f1 (0abb6314276a)
[Subsystems] Discovering subsystems at path C:/Program Files/Unity/Hub/Editor/2020.3.4f1/Editor/Data/Resources/UnitySubsystems
[Subsystems] Discovering subsystems at path D:/MyGithub/My-First-Game/Assets
GfxDevice: creating device client; threaded=0
Direct3D:
    Version:  Direct3D 11.0 [level 11.1]
    Renderer: NVIDIA GeForce GTX 1650 (ID=0x1f99)
    Vendor:   
    VRAM:     3962 MB
    Driver:   27.21.14.6242
Initialize mono
Mono path[0] = 'C:/Program Files/Unity/Hub/Editor/2020.3.4f1/Editor/Data/Managed'
Mono path[1] = 'C:/Program Files/Unity/Hub/Editor/2020.3.4f1/Editor/Data/MonoBleedingEdge/lib/mono/unityjit'
Mono config path = 'C:/Program Files/Unity/Hub/Editor/2020.3.4f1/Editor/Data/MonoBleedingEdge/etc'
Using monoOptions --debugger-agent=transport=dt_socket,embedding=1,server=y,suspend=n,address=127.0.0.1:56984
Begin MonoManager ReloadAssembly
Registering precompiled unity dll's ...
Register platform support module: C:/Program Files/Unity/Hub/Editor/2020.3.4f1/Editor/Data/PlaybackEngines/WebGLSupport/UnityEditor.WebGL.Extensions.dll
Register platform support module: C:/Program Files/Unity/Hub/Editor/2020.3.4f1/Editor/Data/PlaybackEngines/WindowsStandaloneSupport/UnityEditor.WindowsStandalone.Extensions.dll
Registered in 0.002280 seconds.
Native extension for WindowsStandalone target not found
Native extension for WebGL target not found
Refreshing native plugins compatible for Editor in 25.92 ms, found 0 plugins.
Preloading 0 native plugins for Editor in 0.00 ms.
Mono: successfully reloaded assembly
- Completed reload, in  1.886 seconds
Platform modules already initialized, skipping
Registering precompiled user dll's ...
Registered in 0.000633 seconds.
Begin MonoManager ReloadAssembly
Native extension for WindowsStandalone target not found
Native extension for WebGL target not found
Refreshing native plugins compatible for Editor in 0.24 ms, found 0 plugins.
Preloading 0 native plugins for Editor in 0.00 ms.
Mono: successfully reloaded assembly
- Completed reload, in  0.726 seconds
Platform modules already initialized, skipping
========================================================================
Worker process is ready to serve import requests
Launched and connected shader compiler UnityShaderCompiler.exe after 0.03 seconds
Refreshing native plugins compatible for Editor in 0.23 ms, found 0 plugins.
Preloading 0 native plugins for Editor in 0.00 ms.
Unloading 1121 Unused Serialized files (Serialized files now loaded: 0)
System memory in use before: 129.2 MB.
System memory in use after: 129.3 MB.

Unloading 10 unused Assets to reduce memory usage. Loaded Objects now: 1570.
Total: 1.408600 ms (FindLiveObjects: 0.133500 ms CreateObjectMapping: 0.043200 ms MarkObjects: 1.153000 ms  DeleteObjects: 0.078000 ms)

========================================================================
Received Import Request.
  path: Assets/Scripts/Enemy_Move.cs
  artifactKey: Guid(bfa4d78d4746b174fb46c003a807e675) Importer(815301076,1909f56bfc062723c751e8b465ee728b)
Start importing Assets/Scripts/Enemy_Move.cs using Guid(bfa4d78d4746b174fb46c003a807e675) Importer(815301076,1909f56bfc062723c751e8b465ee728b)  -> (artifact id: 'b1ff5b7097b568875f6561a60013de82') in 0.023234 seconds
  Import took 0.024939 seconds .

========================================================================
Received Import Request.
  Time since last request: 0.000154 seconds.
  path: Assets/Scripts/Player_Move.cs
  artifactKey: Guid(eeaef335dfdfef947b6a159a4c71bf17) Importer(815301076,1909f56bfc062723c751e8b465ee728b)
Start importing Assets/Scripts/Player_Move.cs using Guid(eeaef335dfdfef947b6a159a4c71bf17) Importer(815301076,1909f56bfc062723c751e8b465ee728b)  -> (artifact id: 'a7c77cc2b9f1bf3af601e929ade5cfc5') in 0.006370 seconds
  Import took 0.007913 seconds .

========================================================================
Received Import Request.
  Time since last request: 33.111768 seconds.
  path: Assets/Scripts/Player_Move.cs
  artifactKey: Guid(eeaef335dfdfef947b6a159a4c71bf17) Importer(815301076,1909f56bfc062723c751e8b465ee728b)
Start importing Assets/Scripts/Player_Move.cs using Guid(eeaef335dfdfef947b6a159a4c71bf17) Importer(815301076,1909f56bfc062723c751e8b465ee728b)  -> (artifact id: '47c20a35ecfcb740acb702b3b24eb689') in 0.002154 seconds
  Import took 0.004081 seconds .

========================================================================
Received Prepare
Registering precompiled user dll's ...
Registered in 0.000494 seconds.
Begin MonoManager ReloadAssembly
Native extension for WindowsStandalone target not found
Native extension for WebGL target not found
Refreshing native plugins compatible for Editor in 0.23 ms, found 0 plugins.
Preloading 0 native plugins for Editor in 0.00 ms.
Mono: successfully reloaded assembly
- Completed reload, in  0.686 seconds
Platform modules already initialized, skipping
Refreshing native plugins compatible for Editor in 0.26 ms, found 0 plugins.
Preloading 0 native plugins for Editor in 0.00 ms.
Unloading 1116 Unused Serialized files (Serialized files now loaded: 0)
System memory in use before: 129.2 MB.
System memory in use after: 129.2 MB.

Unloading 5 unused Assets to reduce memory usage. Loaded Objects now: 1573.
Total: 1.705100 ms (FindLiveObjects: 0.162100 ms CreateObjectMapping: 0.042200 ms MarkObjects: 1.442400 ms  DeleteObjects: 0.057500 ms)

========================================================================
Received Prepare
Registering precompiled user dll's ...
Registered in 0.000929 seconds.
Begin MonoManager ReloadAssembly
Native extension for WindowsStandalone target not found
Native extension for WebGL target not found
Refreshing native plugins compatible for Editor in 0.25 ms, found 0 plugins.
Preloading 0 native plugins for Editor in 0.00 ms.
Mono: successfully reloaded assembly
- Completed reload, in  0.714 seconds
Platform modules already initialized, skipping
Refreshing native plugins compatible for Editor in 0.26 ms, found 0 plugins.
Preloading 0 native plugins for Editor in 0.00 ms.
Unloading 1116 Unused Serialized files (Serialized files now loaded: 0)
System memory in use before: 129.2 MB.
System memory in use after: 129.2 MB.

Unloading 5 unused Assets to reduce memory usage. Loaded Objects now: 1576.
Total: 1.340300 ms (FindLiveObjects: 0.122300 ms CreateObjectMapping: 0.032700 ms MarkObjects: 1.128300 ms  DeleteObjects: 0.056400 ms)

========================================================================
Received Prepare
Registering precompiled user dll's ...
Registered in 0.000826 seconds.
Begin MonoManager ReloadAssembly
Native extension for WindowsStandalone target not found
Native extension for WebGL target not found
Refreshing native plugins compatible for Editor in 0.23 ms, found 0 plugins.
Preloading 0 native plugins for Editor in 0.00 ms.
Mono: successfully reloaded assembly
- Completed reload, in  0.690 seconds
Platform modules already initialized, skipping
Refreshing native plugins compatible for Editor in 0.24 ms, found 0 plugins.
Preloading 0 native plugins for Editor in 0.00 ms.
Unloading 1116 Unused Serialized files (Serialized files now loaded: 0)
System memory in use before: 129.2 MB.
System memory in use after: 129.3 MB.

Unloading 5 unused Assets to reduce memory usage. Loaded Objects now: 1579.
Total: 2.074500 ms (FindLiveObjects: 0.127500 ms CreateObjectMapping: 0.037400 ms MarkObjects: 1.848000 ms  DeleteObjects: 0.060600 ms)

========================================================================
Received Import Request.
  Time since last request: 163.540774 seconds.
  path: Assets/Scripts/Player_Move.cs
  artifactKey: Guid(eeaef335dfdfef947b6a159a4c71bf17) Importer(815301076,1909f56bfc062723c751e8b465ee728b)
Start importing Assets/Scripts/Player_Move.cs using Guid(eeaef335dfdfef947b6a159a4c71bf17) Importer(815301076,1909f56bfc062723c751e8b465ee728b)  -> (artifact id: '5f9e5a8d4d5ab85d6b727ddf168c7b25') in 0.003905 seconds
  Import took 0.005593 seconds .

========================================================================
Received Import Request.
  Time since last request: 1.028598 seconds.
  path: Assets/Scripts/Player_Move.cs
  artifactKey: Guid(eeaef335dfdfef947b6a159a4c71bf17) Importer(815301076,1909f56bfc062723c751e8b465ee728b)
Start importing Assets/Scripts/Player_Move.cs using Guid(eeaef335dfdfef947b6a159a4c71bf17) Importer(815301076,1909f56bfc062723c751e8b465ee728b)  -> (artifact id: '5f9e5a8d4d5ab85d6b727ddf168c7b25') in 0.002016 seconds
  Import took 0.003617 seconds .

========================================================================
Received Prepare
Registering precompiled user dll's ...
Registered in 0.000648 seconds.
Begin MonoManager ReloadAssembly
Native extension for WindowsStandalone target not found
Native extension for WebGL target not found
Refreshing native plugins compatible for Editor in 0.24 ms, found 0 plugins.
Preloading 0 native plugins for Editor in 0.00 ms.
Mono: successfully reloaded assembly
- Completed reload, in  0.702 seconds
Platform modules already initialized, skipping
Refreshing native plugins compatible for Editor in 0.24 ms, found 0 plugins.
Preloading 0 native plugins for Editor in 0.00 ms.
Unloading 1116 Unused Serialized files (Serialized files now loaded: 0)
System memory in use before: 129.2 MB.
System memory in use after: 129.3 MB.

Unloading 5 unused Assets to reduce memory usage. Loaded Objects now: 1582.
Total: 1.637300 ms (FindLiveObjects: 0.171700 ms CreateObjectMapping: 0.045800 ms MarkObjects: 1.357000 ms  DeleteObjects: 0.061500 ms)

========================================================================
Received Import Request.
  Time since last request: 48.896110 seconds.
  path: Assets/Scripts/Player_Move.cs
  artifactKey: Guid(eeaef335dfdfef947b6a159a4c71bf17) Importer(815301076,1909f56bfc062723c751e8b465ee728b)
Start importing Assets/Scripts/Player_Move.cs using Guid(eeaef335dfdfef947b6a159a4c71bf17) Importer(815301076,1909f56bfc062723c751e8b465ee728b)  -> (artifact id: '8e9379a56eac6db69f64ea03ac6022d1') in 0.003618 seconds
  Import took 0.005399 seconds .

========================================================================
Received Prepare
Registering precompiled user dll's ...
Registered in 0.000737 seconds.
Begin MonoManager ReloadAssembly
Native extension for WindowsStandalone target not found
Native extension for WebGL target not found
Refreshing native plugins compatible for Editor in 0.24 ms, found 0 plugins.
Preloading 0 native plugins for Editor in 0.00 ms.
Mono: successfully reloaded assembly
- Completed reload, in  0.685 seconds
Platform modules already initialized, skipping
Refreshing native plugins compatible for Editor in 0.23 ms, found 0 plugins.
Preloading 0 native plugins for Editor in 0.00 ms.
Unloading 1116 Unused Serialized files (Serialized files now loaded: 0)
System memory in use before: 129.2 MB.
System memory in use after: 129.3 MB.

Unloading 5 unused Assets to reduce memory usage. Loaded Objects now: 1585.
Total: 1.506900 ms (FindLiveObjects: 0.160800 ms CreateObjectMapping: 0.034000 ms MarkObjects: 1.246800 ms  DeleteObjects: 0.062600 ms)

========================================================================
Received Import Request.
  Time since last request: 51.702072 seconds.
  path: Assets/Scripts/Player_Move.cs
  artifactKey: Guid(eeaef335dfdfef947b6a159a4c71bf17) Importer(815301076,1909f56bfc062723c751e8b465ee728b)
Start importing Assets/Scripts/Player_Move.cs using Guid(eeaef335dfdfef947b6a159a4c71bf17) Importer(815301076,1909f56bfc062723c751e8b465ee728b)  -> (artifact id: '0b1b930c4bc9c28e67e41eb34420ab6e') in 0.003399 seconds
  Import took 0.004965 seconds .

========================================================================
Received Prepare
Registering precompiled user dll's ...
Registered in 0.000622 seconds.
Begin MonoManager ReloadAssembly
Native extension for WindowsStandalone target not found
Native extension for WebGL target not found
Refreshing native plugins compatible for Editor in 0.28 ms, found 0 plugins.
Preloading 0 native plugins for Editor in 0.00 ms.
Mono: successfully reloaded assembly
- Completed reload, in  0.666 seconds
Platform modules already initialized, skipping
Refreshing native plugins compatible for Editor in 0.23 ms, found 0 plugins.
Preloading 0 native plugins for Editor in 0.00 ms.
Unloading 1116 Unused Serialized files (Serialized files now loaded: 0)
System memory in use before: 129.2 MB.
System memory in use after: 129.3 MB.

Unloading 5 unused Assets to reduce memory usage. Loaded Objects now: 1588.
Total: 1.469400 ms (FindLiveObjects: 0.127700 ms CreateObjectMapping: 0.038600 ms MarkObjects: 1.242900 ms  DeleteObjects: 0.059200 ms)

========================================================================
Received Import Request.
  Time since last request: 1961.925512 seconds.
  path: Assets/Car Engine Sounds - i6 German Free/Assets for Realistic Engine Sounds
  artifactKey: Guid(3e8d5fe3513e2a24aaddb9fd4e8c093e) Importer(815301076,1909f56bfc062723c751e8b465ee728b)
Start importing Assets/Car Engine Sounds - i6 German Free/Assets for Realistic Engine Sounds using Guid(3e8d5fe3513e2a24aaddb9fd4e8c093e) Importer(815301076,1909f56bfc062723c751e8b465ee728b)  -> (artifact id: 'e7971648ad7dd641125cb33d064f34b2') in 0.007557 seconds
  Import took 0.009749 seconds .

========================================================================
Received Import Request.
  Time since last request: 0.316220 seconds.
  path: Assets/Car Engine Sounds - i6 German Free/Demo_Audio
  artifactKey: Guid(cdd26afcc49b7b842832081e45b747f7) Importer(815301076,1909f56bfc062723c751e8b465ee728b)
Start importing Assets/Car Engine Sounds - i6 German Free/Demo_Audio using Guid(cdd26afcc49b7b842832081e45b747f7) Importer(815301076,1909f56bfc062723c751e8b465ee728b)  -> (artifact id: 'bf9fcd86c0622121efc0fbed1d0225e7') in 0.006063 seconds
  Import took 0.007809 seconds .

========================================================================
Received Import Request.
  Time since last request: 0.081198 seconds.
  path: Assets/Car Engine Sounds - i6 German Free/Demo_Audio/demo_acceleration.wav
  artifactKey: Guid(21fedba81dfab0a4da860d960074ef71) Importer(815301076,1909f56bfc062723c751e8b465ee728b)
Start importing Assets/Car Engine Sounds - i6 German Free/Demo_Audio/demo_acceleration.wav using Guid(21fedba81dfab0a4da860d960074ef71) Importer(815301076,1909f56bfc062723c751e8b465ee728b)  -> (artifact id: '819877f7c2806721ebec348c33c202a7') in 0.085471 seconds
  Import took 0.087184 seconds .

========================================================================
Received Import Request.
  Time since last request: 0.000167 seconds.
  path: Assets/Car Engine Sounds - i6 German Free/Demo_Audio/demo_int_on_to_off.wav
  artifactKey: Guid(25f67b08d8a838646bf90a1ccf09c391) Importer(815301076,1909f56bfc062723c751e8b465ee728b)
Start importing Assets/Car Engine Sounds - i6 German Free/Demo_Audio/demo_int_on_to_off.wav using Guid(25f67b08d8a838646bf90a1ccf09c391) Importer(815301076,1909f56bfc062723c751e8b465ee728b)  -> (artifact id: '41ab0107c8e325816e77511aac17afa9') in 0.009826 seconds
  Import took 0.011469 seconds .

========================================================================
Received Import Request.
  Time since last request: 0.000223 seconds.
  path: Assets/Car Engine Sounds - i6 German Free/Demo_Audio/demo_on_to_off.wav
  artifactKey: Guid(1ece7ef4bd6809042be6cf27537b66fe) Importer(815301076,1909f56bfc062723c751e8b465ee728b)
Start importing Assets/Car Engine Sounds - i6 German Free/Demo_Audio/demo_on_to_off.wav using Guid(1ece7ef4bd6809042be6cf27537b66fe) Importer(815301076,1909f56bfc062723c751e8b465ee728b)  -> (artifact id: '58136d1e1a53c8085518d637900cf460') in 0.010842 seconds
  Import took 0.012488 seconds .

========================================================================
Received Import Request.
  Time since last request: 0.000254 seconds.
  path: Assets/Car Engine Sounds - i6 German Free/Demo_Audio/demo_deceleration.wav
  artifactKey: Guid(6b50c52a19c27c845a9adc71333d43ed) Importer(815301076,1909f56bfc062723c751e8b465ee728b)
Start importing Assets/Car Engine Sounds - i6 German Free/Demo_Audio/demo_deceleration.wav using Guid(6b50c52a19c27c845a9adc71333d43ed) Importer(815301076,1909f56bfc062723c751e8b465ee728b)  -> (artifact id: 'df25485e5876733b6035e29e64214bdd') in 0.012819 seconds
  Import took 0.014778 seconds .

========================================================================
Received Import Request.
  Time since last request: 0.000206 seconds.
  path: Assets/Car Engine Sounds - i6 German Free/Demo_Audio/demo_int_deceleration.wav
  artifactKey: Guid(f819464f29a5f124b8bacdad76c0be63) Importer(815301076,1909f56bfc062723c751e8b465ee728b)
Start importing Assets/Car Engine Sounds - i6 German Free/Demo_Audio/demo_int_deceleration.wav using Guid(f819464f29a5f124b8bacdad76c0be63) Importer(815301076,1909f56bfc062723c751e8b465ee728b)  -> (artifact id: '57c1d9f4ea54d013572a1ecf82c19854') in 0.011730 seconds
  Import took 0.013523 seconds .

========================================================================
Received Import Request.
  Time since last request: 0.000314 seconds.
  path: Assets/Car Engine Sounds - i6 German Free/Demo_Audio/demo_int_acceleration.wav
  artifactKey: Guid(022d54410e2794249a7c962c4977dd64) Importer(815301076,1909f56bfc062723c751e8b465ee728b)
Start importing Assets/Car Engine Sounds - i6 German Free/Demo_Audio/demo_int_acceleration.wav using Guid(022d54410e2794249a7c962c4977dd64) Importer(815301076,1909f56bfc062723c751e8b465ee728b)  -> (artifact id: '09d87d767308c1ba7dc8e06499c94449') in 0.013425 seconds
  Import took 0.015135 seconds .

========================================================================
Received Import Request.
  Time since last request: 0.005654 seconds.
  path: Assets/Car Engine Sounds - i6 German Free/Demo_Audio/demo_int_deceleration.wav
  artifactKey: Guid(f819464f29a5f124b8bacdad76c0be63) Importer(815301076,1909f56bfc062723c751e8b465ee728b)
Start importing Assets/Car Engine Sounds - i6 German Free/Demo_Audio/demo_int_deceleration.wav using Guid(f819464f29a5f124b8bacdad76c0be63) Importer(815301076,1909f56bfc062723c751e8b465ee728b)  -> (artifact id: '57c1d9f4ea54d013572a1ecf82c19854') in 0.009894 seconds
  Import took 0.011763 seconds .

========================================================================
Received Import Request.
  Time since last request: 27.318384 seconds.
  path: Assets/Car Engine Sounds - i6 German Free/Assets/Audio/i6_german_free/high_off.wav
  artifactKey: Guid(132c1515ea005404fb6144c976c99ed6) Importer(815301076,1909f56bfc062723c751e8b465ee728b)
Start importing Assets/Car Engine Sounds - i6 German Free/Assets/Audio/i6_german_free/high_off.wav using Guid(132c1515ea005404fb6144c976c99ed6) Importer(815301076,1909f56bfc062723c751e8b465ee728b)  -> (artifact id: 'e28b66f77e9139c867218eb266146d70') in 0.012133 seconds
  Import took 0.014146 seconds .

========================================================================
Received Import Request.
  Time since last request: 0.000157 seconds.
  path: Assets/Car Engine Sounds - i6 German Free/Assets/Audio/i6_german_free/idle.wav
  artifactKey: Guid(c502041826854664683f9914f63427b0) Importer(815301076,1909f56bfc062723c751e8b465ee728b)
Start importing Assets/Car Engine Sounds - i6 German Free/Assets/Audio/i6_german_free/idle.wav using Guid(c502041826854664683f9914f63427b0) Importer(815301076,1909f56bfc062723c751e8b465ee728b)  -> (artifact id: 'a015b299b7ac33d7c7863a157897c9d7') in 0.011410 seconds
  Import took 0.013274 seconds .

========================================================================
Received Import Request.
  Time since last request: 0.000182 seconds.
  path: Assets/Car Engine Sounds - i6 German Free/Assets/Audio/i6_german_free/low_on.wav
  artifactKey: Guid(75fa27e467267c74f91f1f6f4e74ff88) Importer(815301076,1909f56bfc062723c751e8b465ee728b)
Start importing Assets/Car Engine Sounds - i6 German Free/Assets/Audio/i6_german_free/low_on.wav using Guid(75fa27e467267c74f91f1f6f4e74ff88) Importer(815301076,1909f56bfc062723c751e8b465ee728b)  -> (artifact id: '363ba6083aaf1f11e882707463555ab2') in 0.012866 seconds
  Import took 0.014706 seconds .

========================================================================
Received Import Request.
  Time since last request: 0.000157 seconds.
  path: Assets/Car Engine Sounds - i6 German Free/Assets/Audio/i6_german_free/low_off.wav
  artifactKey: Guid(bb683044c23cd50438d45fe475089c84) Importer(815301076,1909f56bfc062723c751e8b465ee728b)
Start importing Assets/Car Engine Sounds - i6 German Free/Assets/Audio/i6_german_free/low_off.wav using Guid(bb683044c23cd50438d45fe475089c84) Importer(815301076,1909f56bfc062723c751e8b465ee728b)  -> (artifact id: 'e507310de1e0e6a82f8931f8773aec4c') in 0.011447 seconds
  Import took 0.013179 seconds .

========================================================================
Received Import Request.
  Time since last request: 0.000303 seconds.
  path: Assets/Car Engine Sounds - i6 German Free/Assets/Audio/i6_german_free/maxRPM.wav
  artifactKey: Guid(aa60e7347d433244fb6223eac9a95b85) Importer(815301076,1909f56bfc062723c751e8b465ee728b)
Start importing Assets/Car Engine Sounds - i6 German Free/Assets/Audio/i6_german_free/maxRPM.wav using Guid(aa60e7347d433244fb6223eac9a95b85) Importer(815301076,1909f56bfc062723c751e8b465ee728b)  -> (artifact id: '056bc0c0c42cb58fe984638175afd1ca') in 0.012680 seconds
  Import took 0.102736 seconds .

========================================================================
Received Import Request.
  Time since last request: 0.000306 seconds.
  path: Assets/Car Engine Sounds - i6 German Free/Assets/Audio/i6_german_free/med_on.wav
  artifactKey: Guid(22cd46996da3b624bb08935264560d8c) Importer(815301076,1909f56bfc062723c751e8b465ee728b)
Start importing Assets/Car Engine Sounds - i6 German Free/Assets/Audio/i6_german_free/med_on.wav using Guid(22cd46996da3b624bb08935264560d8c) Importer(815301076,1909f56bfc062723c751e8b465ee728b)  -> (artifact id: 'e3fe5ee70b1b1fc0dad22c144ba6d0ab') in 0.010914 seconds
  Import took 0.012603 seconds .

========================================================================
Received Import Request.
  Time since last request: 0.000233 seconds.
  path: Assets/Car Engine Sounds - i6 German Free/Assets/Audio/i6_german_free/startup.wav
  artifactKey: Guid(4ce5536d09910a148a92ac5408ae3c4b) Importer(815301076,1909f56bfc062723c751e8b465ee728b)
Start importing Assets/Car Engine Sounds - i6 German Free/Assets/Audio/i6_german_free/startup.wav using Guid(4ce5536d09910a148a92ac5408ae3c4b) Importer(815301076,1909f56bfc062723c751e8b465ee728b)  -> (artifact id: '5574bf69428d21ba77c6250243a38003') in 0.010331 seconds
  Import took 0.012129 seconds .

========================================================================
Received Import Request.
  Time since last request: 0.000212 seconds.
  path: Assets/Car Engine Sounds - i6 German Free/Assets/Audio/i6_german_free/med_off.wav
  artifactKey: Guid(30ab19edabbfdea499f3db426001e120) Importer(815301076,1909f56bfc062723c751e8b465ee728b)
Start importing Assets/Car Engine Sounds - i6 German Free/Assets/Audio/i6_german_free/med_off.wav using Guid(30ab19edabbfdea499f3db426001e120) Importer(815301076,1909f56bfc062723c751e8b465ee728b)  -> (artifact id: 'bb797c43c2f22e544dc82b5c1d6417e3') in 0.009797 seconds
  Import took 0.011824 seconds .

========================================================================
Received Import Request.
  Time since last request: 0.000215 seconds.
  path: Assets/Car Engine Sounds - i6 German Free/Assets/Audio/i6_german_free/high_on.wav
  artifactKey: Guid(e9643d8581d235f45a62997cba851988) Importer(815301076,1909f56bfc062723c751e8b465ee728b)
Start importing Assets/Car Engine Sounds - i6 German Free/Assets/Audio/i6_german_free/high_on.wav using Guid(e9643d8581d235f45a62997cba851988) Importer(815301076,1909f56bfc062723c751e8b465ee728b)  -> (artifact id: 'f0b1909840ff332b21e0a208038fab30') in 0.014311 seconds
  Import took 0.016067 seconds .

========================================================================
Received Import Request.
  Time since last request: 0.010013 seconds.
  path: Assets/Car Engine Sounds - i6 German Free/Assets/Audio/i6_german_free/med_off.wav
  artifactKey: Guid(30ab19edabbfdea499f3db426001e120) Importer(815301076,1909f56bfc062723c751e8b465ee728b)
Start importing Assets/Car Engine Sounds - i6 German Free/Assets/Audio/i6_german_free/med_off.wav using Guid(30ab19edabbfdea499f3db426001e120) Importer(815301076,1909f56bfc062723c751e8b465ee728b)  -> (artifact id: 'bb797c43c2f22e544dc82b5c1d6417e3') in 0.016208 seconds
  Import took 0.017912 seconds .

========================================================================
Received Import Request.
  Time since last request: 0.890709 seconds.
  path: Assets/Car Engine Sounds - i6 German Free/Assets/Audio/i6_german_free/Interior
  artifactKey: Guid(174299182d9c54e49baaac2de28e5274) Importer(815301076,1909f56bfc062723c751e8b465ee728b)
Start importing Assets/Car Engine Sounds - i6 German Free/Assets/Audio/i6_german_free/Interior using Guid(174299182d9c54e49baaac2de28e5274) Importer(815301076,1909f56bfc062723c751e8b465ee728b)  -> (artifact id: '303491bb9134f854f97e5dc1b0ac5ffb') in 0.004917 seconds
  Import took 0.006624 seconds .

========================================================================
Received Import Request.
  Time since last request: 0.050246 seconds.
  path: Assets/Car Engine Sounds - i6 German Free/Assets/Audio/i6_german_free/Interior/int_high_off.wav
  artifactKey: Guid(1a28469b66ddc3f4394165b2634f368d) Importer(815301076,1909f56bfc062723c751e8b465ee728b)
Start importing Assets/Car Engine Sounds - i6 German Free/Assets/Audio/i6_german_free/Interior/int_high_off.wav using Guid(1a28469b66ddc3f4394165b2634f368d) Importer(815301076,1909f56bfc062723c751e8b465ee728b)  -> (artifact id: '297617ce4c7475fded73e7f25b57b792') in 0.010171 seconds
  Import took 0.011900 seconds .

========================================================================
Received Import Request.
  Time since last request: 0.000154 seconds.
  path: Assets/Car Engine Sounds - i6 German Free/Assets/Audio/i6_german_free/Interior/int_idle.wav
  artifactKey: Guid(79a92db4ffb20fd449e669effcfbde63) Importer(815301076,1909f56bfc062723c751e8b465ee728b)
Start importing Assets/Car Engine Sounds - i6 German Free/Assets/Audio/i6_german_free/Interior/int_idle.wav using Guid(79a92db4ffb20fd449e669effcfbde63) Importer(815301076,1909f56bfc062723c751e8b465ee728b)  -> (artifact id: '4b948c19fcfe54615c6a432eb2735ec7') in 0.009734 seconds
  Import took 0.011294 seconds .

========================================================================
Received Import Request.
  Time since last request: 0.000194 seconds.
  path: Assets/Car Engine Sounds - i6 German Free/Assets/Audio/i6_german_free/Interior/int_startup.wav
  artifactKey: Guid(67ae6a1dbba409441aaebc58317a1679) Importer(815301076,1909f56bfc062723c751e8b465ee728b)
Start importing Assets/Car Engine Sounds - i6 German Free/Assets/Audio/i6_german_free/Interior/int_startup.wav using Guid(67ae6a1dbba409441aaebc58317a1679) Importer(815301076,1909f56bfc062723c751e8b465ee728b)  -> (artifact id: '3899909c6dff17dfdb317cfc40783cee') in 0.010439 seconds
  Import took 0.012135 seconds .

========================================================================
Received Import Request.
  Time since last request: 0.000322 seconds.
  path: Assets/Car Engine Sounds - i6 German Free/Assets/Audio/i6_german_free/Interior/int_med_off.wav
  artifactKey: Guid(aab9893499f2db14d982ea3c214622ec) Importer(815301076,1909f56bfc062723c751e8b465ee728b)
Start importing Assets/Car Engine Sounds - i6 German Free/Assets/Audio/i6_german_free/Interior/int_med_off.wav using Guid(aab9893499f2db14d982ea3c214622ec) Importer(815301076,1909f56bfc062723c751e8b465ee728b)  -> (artifact id: 'b9cf72eea0abddc23a7f53a7007ddb7b') in 0.013433 seconds
  Import took 0.015036 seconds .

========================================================================
Received Import Request.
  Time since last request: 0.000168 seconds.
  path: Assets/Car Engine Sounds - i6 German Free/Assets/Audio/i6_german_free/Interior/int_low_on.wav
  artifactKey: Guid(caf21a066ef472541b74cc6f46cb4d79) Importer(815301076,1909f56bfc062723c751e8b465ee728b)
Start importing Assets/Car Engine Sounds - i6 German Free/Assets/Audio/i6_german_free/Interior/int_low_on.wav using Guid(caf21a066ef472541b74cc6f46cb4d79) Importer(815301076,1909f56bfc062723c751e8b465ee728b)  -> (artifact id: '6eef82c85f40beb9e5deabfbda17e32e') in 0.022078 seconds
  Import took 0.023755 seconds .

========================================================================
Received Import Request.
  Time since last request: 0.000179 seconds.
  path: Assets/Car Engine Sounds - i6 German Free/Assets/Audio/i6_german_free/Interior/int_maxRPM.wav
  artifactKey: Guid(01c67f1834599824a880b36282466c10) Importer(815301076,1909f56bfc062723c751e8b465ee728b)
Start importing Assets/Car Engine Sounds - i6 German Free/Assets/Audio/i6_german_free/Interior/int_maxRPM.wav using Guid(01c67f1834599824a880b36282466c10) Importer(815301076,1909f56bfc062723c751e8b465ee728b)  -> (artifact id: 'dcb33474dd8b0bda3d416286c22357c1') in 0.018380 seconds
  Import took 0.020049 seconds .

========================================================================
Received Import Request.
  Time since last request: 0.000137 seconds.
  path: Assets/Car Engine Sounds - i6 German Free/Assets/Audio/i6_german_free/Interior/int_med_on.wav
  artifactKey: Guid(92b51350a374b0145ba411bf6037d2af) Importer(815301076,1909f56bfc062723c751e8b465ee728b)
Start importing Assets/Car Engine Sounds - i6 German Free/Assets/Audio/i6_german_free/Interior/int_med_on.wav using Guid(92b51350a374b0145ba411bf6037d2af) Importer(815301076,1909f56bfc062723c751e8b465ee728b)  -> (artifact id: 'b01e3737722a80a76426420ec686c4ca') in 0.009863 seconds
  Import took 0.011565 seconds .

========================================================================
Received Import Request.
  Time since last request: 0.000136 seconds.
  path: Assets/Car Engine Sounds - i6 German Free/Assets/Audio/i6_german_free/Interior/int_low_off.wav
  artifactKey: Guid(3048985a7798b684d860bddb83bbc5c0) Importer(815301076,1909f56bfc062723c751e8b465ee728b)
Start importing Assets/Car Engine Sounds - i6 German Free/Assets/Audio/i6_german_free/Interior/int_low_off.wav using Guid(3048985a7798b684d860bddb83bbc5c0) Importer(815301076,1909f56bfc062723c751e8b465ee728b)  -> (artifact id: '0b903a1347cf939d249153d2daca5925') in 0.013637 seconds
  Import took 0.015346 seconds .

========================================================================
Received Import Request.
  Time since last request: 0.000268 seconds.
  path: Assets/Car Engine Sounds - i6 German Free/Assets/Audio/i6_german_free/Interior/int_high_on.wav
  artifactKey: Guid(ee68262e7a73a4c4b8e940ecd2330b7b) Importer(815301076,1909f56bfc062723c751e8b465ee728b)
Start importing Assets/Car Engine Sounds - i6 German Free/Assets/Audio/i6_german_free/Interior/int_high_on.wav using Guid(ee68262e7a73a4c4b8e940ecd2330b7b) Importer(815301076,1909f56bfc062723c751e8b465ee728b)  -> (artifact id: '37e6fa52b6552507fb48b9ad09da5ba0') in 0.009937 seconds
  Import took 0.012120 seconds .

========================================================================
Received Import Request.
  Time since last request: 57.776636 seconds.
  path: Assets/Prefabs/Car2.prefab
  artifactKey: Guid(e479006ea97f21a41a0e6b83b851bd6c) Importer(815301076,1909f56bfc062723c751e8b465ee728b)
Start importing Assets/Prefabs/Car2.prefab using Guid(e479006ea97f21a41a0e6b83b851bd6c) Importer(815301076,1909f56bfc062723c751e8b465ee728b)  -> (artifact id: '65dd1dad5993cb55ad3e1bbeb7e80e31') in 0.037144 seconds
  Import took 0.039021 seconds .

========================================================================
Received Import Request.
  Time since last request: 8.652025 seconds.
  path: Assets/Prefabs/Car2.prefab
  artifactKey: Guid(e479006ea97f21a41a0e6b83b851bd6c) Importer(815301076,1909f56bfc062723c751e8b465ee728b)
Start importing Assets/Prefabs/Car2.prefab using Guid(e479006ea97f21a41a0e6b83b851bd6c) Importer(815301076,1909f56bfc062723c751e8b465ee728b)  -> (artifact id: '4184ec1dcafb27ff0b70db50721c6fc7') in 0.009928 seconds
  Import took 0.012221 seconds .

========================================================================
Received Import Request.
  Time since last request: 2.541498 seconds.
  path: Assets/Prefabs/Car2.prefab
  artifactKey: Guid(e479006ea97f21a41a0e6b83b851bd6c) Importer(815301076,1909f56bfc062723c751e8b465ee728b)
Start importing Assets/Prefabs/Car2.prefab using Guid(e479006ea97f21a41a0e6b83b851bd6c) Importer(815301076,1909f56bfc062723c751e8b465ee728b)  -> (artifact id: '0439ae012ff024930b15e40c10f46c15') in 0.010868 seconds
  Import took 0.013261 seconds .

========================================================================
Received Import Request.
  Time since last request: 1.717170 seconds.
  path: Assets/Prefabs/Car2.prefab
  artifactKey: Guid(e479006ea97f21a41a0e6b83b851bd6c) Importer(815301076,1909f56bfc062723c751e8b465ee728b)
Start importing Assets/Prefabs/Car2.prefab using Guid(e479006ea97f21a41a0e6b83b851bd6c) Importer(815301076,1909f56bfc062723c751e8b465ee728b)  -> (artifact id: '07ef3035e8f89fedbbdf8f321f06e6e7') in 0.010557 seconds
  Import took 0.012665 seconds .

========================================================================
Received Import Request.
  Time since last request: 16.789943 seconds.
  path: Assets/Prefabs/Car_01_06.prefab
  artifactKey: Guid(afcb5da7562b3dd468d16849b91034c3) Importer(815301076,1909f56bfc062723c751e8b465ee728b)
Start importing Assets/Prefabs/Car_01_06.prefab using Guid(afcb5da7562b3dd468d16849b91034c3) Importer(815301076,1909f56bfc062723c751e8b465ee728b)  -> (artifact id: '69e4f324e4a714b6aedfa780c733b118') in 0.015536 seconds
  Import took 0.017962 seconds .

========================================================================
Received Import Request.
  Time since last request: 0.020866 seconds.
  path: Assets/Prefabs/Car_01_06.prefab
  artifactKey: Guid(afcb5da7562b3dd468d16849b91034c3) Importer(815301076,1909f56bfc062723c751e8b465ee728b)
Start importing Assets/Prefabs/Car_01_06.prefab using Guid(afcb5da7562b3dd468d16849b91034c3) Importer(815301076,1909f56bfc062723c751e8b465ee728b)  -> (artifact id: '69e4f324e4a714b6aedfa780c733b118') in 0.012146 seconds
  Import took 0.014400 seconds .

========================================================================
Received Import Request.
  Time since last request: 2.026737 seconds.
  path: Assets/Prefabs/Car_01_06.prefab
  artifactKey: Guid(afcb5da7562b3dd468d16849b91034c3) Importer(815301076,1909f56bfc062723c751e8b465ee728b)
Start importing Assets/Prefabs/Car_01_06.prefab using Guid(afcb5da7562b3dd468d16849b91034c3) Importer(815301076,1909f56bfc062723c751e8b465ee728b)  -> (artifact id: 'a8bf933fe2aa778890ae14414b3bdc31') in 0.011357 seconds
  Import took 0.013444 seconds .

========================================================================
Received Import Request.
  Time since last request: 0.022119 seconds.
  path: Assets/Prefabs/Car_01_06.prefab
  artifactKey: Guid(afcb5da7562b3dd468d16849b91034c3) Importer(815301076,1909f56bfc062723c751e8b465ee728b)
Start importing Assets/Prefabs/Car_01_06.prefab using Guid(afcb5da7562b3dd468d16849b91034c3) Importer(815301076,1909f56bfc062723c751e8b465ee728b)  -> (artifact id: 'a8bf933fe2aa778890ae14414b3bdc31') in 0.011909 seconds
  Import took 0.014117 seconds .

========================================================================
Received Import Request.
  Time since last request: 2.758844 seconds.
  path: Assets/Prefabs/Chevrolet_Camaro_SS_High.prefab
  artifactKey: Guid(8c5d62143806cea43992a5826740d11b) Importer(815301076,1909f56bfc062723c751e8b465ee728b)
Start importing Assets/Prefabs/Chevrolet_Camaro_SS_High.prefab using Guid(8c5d62143806cea43992a5826740d11b) Importer(815301076,1909f56bfc062723c751e8b465ee728b)  -> (artifact id: '5ab7e6494a3c1f4a619d429358803cc3') in 0.139219 seconds
  Import took 0.145336 seconds .

========================================================================
Received Import Request.
  Time since last request: 8.694098 seconds.
  path: Assets/Prefabs/Chevrolet_Camaro_SS_High.prefab
  artifactKey: Guid(8c5d62143806cea43992a5826740d11b) Importer(815301076,1909f56bfc062723c751e8b465ee728b)
Start importing Assets/Prefabs/Chevrolet_Camaro_SS_High.prefab using Guid(8c5d62143806cea43992a5826740d11b) Importer(815301076,1909f56bfc062723c751e8b465ee728b)  -> (artifact id: '32c75cddc548ec435e984cef76c19189') in 0.032073 seconds
  Import took 0.034697 seconds .

========================================================================
Received Import Request.
  Time since last request: 0.011776 seconds.
  path: Assets/Prefabs/Chevrolet_Camaro_SS_High.prefab
  artifactKey: Guid(8c5d62143806cea43992a5826740d11b) Importer(815301076,1909f56bfc062723c751e8b465ee728b)
Start importing Assets/Prefabs/Chevrolet_Camaro_SS_High.prefab using Guid(8c5d62143806cea43992a5826740d11b) Importer(815301076,1909f56bfc062723c751e8b465ee728b)  -> (artifact id: '32c75cddc548ec435e984cef76c19189') in 0.021955 seconds
  Import took 0.024341 seconds .

========================================================================
Received Import Request.
  Time since last request: 1.928420 seconds.
  path: Assets/Prefabs/Chevrolet_Camaro_SS_High.prefab
  artifactKey: Guid(8c5d62143806cea43992a5826740d11b) Importer(815301076,1909f56bfc062723c751e8b465ee728b)
Start importing Assets/Prefabs/Chevrolet_Camaro_SS_High.prefab using Guid(8c5d62143806cea43992a5826740d11b) Importer(815301076,1909f56bfc062723c751e8b465ee728b)  -> (artifact id: '0b7da06d2692258910654dda151ca129') in 0.023136 seconds
  Import took 0.025602 seconds .

========================================================================
Received Import Request.
  Time since last request: 0.015741 seconds.
  path: Assets/Prefabs/Chevrolet_Camaro_SS_High.prefab
  artifactKey: Guid(8c5d62143806cea43992a5826740d11b) Importer(815301076,1909f56bfc062723c751e8b465ee728b)
Start importing Assets/Prefabs/Chevrolet_Camaro_SS_High.prefab using Guid(8c5d62143806cea43992a5826740d11b) Importer(815301076,1909f56bfc062723c751e8b465ee728b)  -> (artifact id: '0b7da06d2692258910654dda151ca129') in 0.024780 seconds
  Import took 0.028263 seconds .

========================================================================
Received Prepare
Registering precompiled user dll's ...
Registered in 0.000663 seconds.
Begin MonoManager ReloadAssembly
Native extension for WindowsStandalone target not found
Native extension for WebGL target not found
Refreshing native plugins compatible for Editor in 0.24 ms, found 0 plugins.
Preloading 0 native plugins for Editor in 0.00 ms.
Mono: successfully reloaded assembly
- Completed reload, in  0.654 seconds
Platform modules already initialized, skipping
Refreshing native plugins compatible for Editor in 0.23 ms, found 0 plugins.
Preloading 0 native plugins for Editor in 0.00 ms.
Unloading 1116 Unused Serialized files (Serialized files now loaded: 0)
System memory in use before: 132.5 MB.
System memory in use after: 132.6 MB.

Unloading 5 unused Assets to reduce memory usage. Loaded Objects now: 1602.
Total: 1.379800 ms (FindLiveObjects: 0.183200 ms CreateObjectMapping: 0.031400 ms MarkObjects: 1.112900 ms  DeleteObjects: 0.050500 ms)

========================================================================
Received Import Request.
  Time since last request: 27.527093 seconds.
  path: Assets/Prefabs/Car2.prefab
  artifactKey: Guid(e479006ea97f21a41a0e6b83b851bd6c) Importer(815301076,1909f56bfc062723c751e8b465ee728b)
Start importing Assets/Prefabs/Car2.prefab using Guid(e479006ea97f21a41a0e6b83b851bd6c) Importer(815301076,1909f56bfc062723c751e8b465ee728b)  -> (artifact id: 'd09e272ee5a6843283679a0f74df362a') in 0.057653 seconds
  Import took 0.059745 seconds .

========================================================================
Received Import Request.
  Time since last request: 2.568668 seconds.
  path: Assets/Prefabs/Car_01_06.prefab
  artifactKey: Guid(afcb5da7562b3dd468d16849b91034c3) Importer(815301076,1909f56bfc062723c751e8b465ee728b)
Start importing Assets/Prefabs/Car_01_06.prefab using Guid(afcb5da7562b3dd468d16849b91034c3) Importer(815301076,1909f56bfc062723c751e8b465ee728b)  -> (artifact id: 'fe32e52970b4751c368d3b8750f40b76') in 0.012707 seconds
  Import took 0.014810 seconds .

========================================================================
Received Import Request.
  Time since last request: 0.019823 seconds.
  path: Assets/Prefabs/Car_01_06.prefab
  artifactKey: Guid(afcb5da7562b3dd468d16849b91034c3) Importer(815301076,1909f56bfc062723c751e8b465ee728b)
Start importing Assets/Prefabs/Car_01_06.prefab using Guid(afcb5da7562b3dd468d16849b91034c3) Importer(815301076,1909f56bfc062723c751e8b465ee728b)  -> (artifact id: 'fe32e52970b4751c368d3b8750f40b76') in 0.015745 seconds
  Import took 0.018092 seconds .

========================================================================
Received Import Request.
  Time since last request: 1.993475 seconds.
  path: Assets/Prefabs/Chevrolet_Camaro_SS_High.prefab
  artifactKey: Guid(8c5d62143806cea43992a5826740d11b) Importer(815301076,1909f56bfc062723c751e8b465ee728b)
Start importing Assets/Prefabs/Chevrolet_Camaro_SS_High.prefab using Guid(8c5d62143806cea43992a5826740d11b) Importer(815301076,1909f56bfc062723c751e8b465ee728b)  -> (artifact id: 'ea45b9f2bd41090bc4bc2163b0b865f0') in 0.022809 seconds
  Import took 0.141683 seconds .

========================================================================
Received Prepare
Registering precompiled user dll's ...
Registered in 0.000716 seconds.
Begin MonoManager ReloadAssembly
Native extension for WindowsStandalone target not found
Native extension for WebGL target not found
Refreshing native plugins compatible for Editor in 0.23 ms, found 0 plugins.
Preloading 0 native plugins for Editor in 0.00 ms.
Mono: successfully reloaded assembly
- Completed reload, in  0.672 seconds
Platform modules already initialized, skipping
Refreshing native plugins compatible for Editor in 0.23 ms, found 0 plugins.
Preloading 0 native plugins for Editor in 0.00 ms.
Unloading 1116 Unused Serialized files (Serialized files now loaded: 0)
System memory in use before: 132.5 MB.
System memory in use after: 132.6 MB.

Unloading 5 unused Assets to reduce memory usage. Loaded Objects now: 1606.
Total: 1.387100 ms (FindLiveObjects: 0.122600 ms CreateObjectMapping: 0.033200 ms MarkObjects: 1.162600 ms  DeleteObjects: 0.067500 ms)

========================================================================
Received Import Request.
  Time since last request: 17.021277 seconds.
  path: Assets/Prefabs/Chevrolet_Camaro_SS_High.prefab
  artifactKey: Guid(8c5d62143806cea43992a5826740d11b) Importer(815301076,1909f56bfc062723c751e8b465ee728b)
Start importing Assets/Prefabs/Chevrolet_Camaro_SS_High.prefab using Guid(8c5d62143806cea43992a5826740d11b) Importer(815301076,1909f56bfc062723c751e8b465ee728b)  -> (artifact id: '12e2abded0e2663b50214f18075b140e') in 0.066413 seconds
  Import took 0.068806 seconds .

========================================================================
Received Import Request.
  Time since last request: 0.797423 seconds.
  path: Assets/Prefabs/Chevrolet_Camaro_SS_High.prefab
  artifactKey: Guid(8c5d62143806cea43992a5826740d11b) Importer(815301076,1909f56bfc062723c751e8b465ee728b)
Start importing Assets/Prefabs/Chevrolet_Camaro_SS_High.prefab using Guid(8c5d62143806cea43992a5826740d11b) Importer(815301076,1909f56bfc062723c751e8b465ee728b)  -> (artifact id: '7b5aa9e3f9f42a4170de67f3ae971827') in 0.022959 seconds
  Import took 0.025554 seconds .

========================================================================
Received Import Request.
  Time since last request: 0.014250 seconds.
  path: Assets/Prefabs/Chevrolet_Camaro_SS_High.prefab
  artifactKey: Guid(8c5d62143806cea43992a5826740d11b) Importer(815301076,1909f56bfc062723c751e8b465ee728b)
Start importing Assets/Prefabs/Chevrolet_Camaro_SS_High.prefab using Guid(8c5d62143806cea43992a5826740d11b) Importer(815301076,1909f56bfc062723c751e8b465ee728b)  -> (artifact id: '7b5aa9e3f9f42a4170de67f3ae971827') in 0.017838 seconds
  Import took 0.020288 seconds .

========================================================================
Received Import Request.
  Time since last request: 4.211727 seconds.
  path: Assets/Prefabs/Car_01_06.prefab
  artifactKey: Guid(afcb5da7562b3dd468d16849b91034c3) Importer(815301076,1909f56bfc062723c751e8b465ee728b)
Start importing Assets/Prefabs/Car_01_06.prefab using Guid(afcb5da7562b3dd468d16849b91034c3) Importer(815301076,1909f56bfc062723c751e8b465ee728b)  -> (artifact id: 'f84f1b451ba75135d33e358a0bf57cf3') in 0.012265 seconds
  Import took 0.028273 seconds .

========================================================================
Received Import Request.
  Time since last request: 0.003077 seconds.
  path: Assets/Prefabs/Car_01_06.prefab
  artifactKey: Guid(afcb5da7562b3dd468d16849b91034c3) Importer(815301076,1909f56bfc062723c751e8b465ee728b)
Start importing Assets/Prefabs/Car_01_06.prefab using Guid(afcb5da7562b3dd468d16849b91034c3) Importer(815301076,1909f56bfc062723c751e8b465ee728b)  -> (artifact id: 'f84f1b451ba75135d33e358a0bf57cf3') in 0.012852 seconds
  Import took 0.014946 seconds .

========================================================================
Received Import Request.
  Time since last request: 3.600915 seconds.
  path: Assets/Prefabs/Car2.prefab
  artifactKey: Guid(e479006ea97f21a41a0e6b83b851bd6c) Importer(815301076,1909f56bfc062723c751e8b465ee728b)
Start importing Assets/Prefabs/Car2.prefab using Guid(e479006ea97f21a41a0e6b83b851bd6c) Importer(815301076,1909f56bfc062723c751e8b465ee728b)  -> (artifact id: '927caa572eb01e69ab6a94c302d7c09e') in 0.009603 seconds
  Import took 0.011549 seconds .

========================================================================
Received Import Request.
  Time since last request: 0.020920 seconds.
  path: Assets/Prefabs/Car2.prefab
  artifactKey: Guid(e479006ea97f21a41a0e6b83b851bd6c) Importer(815301076,1909f56bfc062723c751e8b465ee728b)
Start importing Assets/Prefabs/Car2.prefab using Guid(e479006ea97f21a41a0e6b83b851bd6c) Importer(815301076,1909f56bfc062723c751e8b465ee728b)  -> (artifact id: '927caa572eb01e69ab6a94c302d7c09e') in 0.013628 seconds
  Import took 0.016203 seconds .

========================================================================
Received Prepare
Registering precompiled user dll's ...
Registered in 0.000586 seconds.
Begin MonoManager ReloadAssembly
Native extension for WindowsStandalone target not found
Native extension for WebGL target not found
Refreshing native plugins compatible for Editor in 0.23 ms, found 0 plugins.
Preloading 0 native plugins for Editor in 0.00 ms.
Mono: successfully reloaded assembly
- Completed reload, in  0.658 seconds
Platform modules already initialized, skipping
Refreshing native plugins compatible for Editor in 0.23 ms, found 0 plugins.
Preloading 0 native plugins for Editor in 0.00 ms.
Unloading 1116 Unused Serialized files (Serialized files now loaded: 0)
System memory in use before: 132.5 MB.
System memory in use after: 132.6 MB.

Unloading 5 unused Assets to reduce memory usage. Loaded Objects now: 1610.
Total: 1.543600 ms (FindLiveObjects: 0.245300 ms CreateObjectMapping: 0.031800 ms MarkObjects: 1.163600 ms  DeleteObjects: 0.100800 ms)

========================================================================
Received Import Request.
  Time since last request: 20.830310 seconds.
  path: Assets/Prefabs/Car2.prefab
  artifactKey: Guid(e479006ea97f21a41a0e6b83b851bd6c) Importer(815301076,1909f56bfc062723c751e8b465ee728b)
Start importing Assets/Prefabs/Car2.prefab using Guid(e479006ea97f21a41a0e6b83b851bd6c) Importer(815301076,1909f56bfc062723c751e8b465ee728b)  -> (artifact id: '1d3109b4147d91ce2dfc719608805b06') in 0.063149 seconds
  Import took 0.065166 seconds .

========================================================================
Received Import Request.
  Time since last request: 0.005592 seconds.
  path: Assets/Prefabs/Car2.prefab
  artifactKey: Guid(e479006ea97f21a41a0e6b83b851bd6c) Importer(815301076,1909f56bfc062723c751e8b465ee728b)
Start importing Assets/Prefabs/Car2.prefab using Guid(e479006ea97f21a41a0e6b83b851bd6c) Importer(815301076,1909f56bfc062723c751e8b465ee728b)  -> (artifact id: '195db0bc2e9fd283cfc2f55fe6a044ed') in 0.009470 seconds
  Import took 0.011614 seconds .

========================================================================
Received Import Request.
  Time since last request: 0.020624 seconds.
  path: Assets/Prefabs/Car2.prefab
  artifactKey: Guid(e479006ea97f21a41a0e6b83b851bd6c) Importer(815301076,1909f56bfc062723c751e8b465ee728b)
Start importing Assets/Prefabs/Car2.prefab using Guid(e479006ea97f21a41a0e6b83b851bd6c) Importer(815301076,1909f56bfc062723c751e8b465ee728b)  -> (artifact id: '195db0bc2e9fd283cfc2f55fe6a044ed') in 0.011972 seconds
  Import took 0.013973 seconds .

========================================================================
Received Import Request.
  Time since last request: 3.062456 seconds.
  path: Assets/Prefabs/Car_01_06.prefab
  artifactKey: Guid(afcb5da7562b3dd468d16849b91034c3) Importer(815301076,1909f56bfc062723c751e8b465ee728b)
Start importing Assets/Prefabs/Car_01_06.prefab using Guid(afcb5da7562b3dd468d16849b91034c3) Importer(815301076,1909f56bfc062723c751e8b465ee728b)  -> (artifact id: 'afdcbe11f7b504c1353217be0de6d24a') in 0.012912 seconds
  Import took 0.014991 seconds .

========================================================================
Received Import Request.
  Time since last request: 0.026499 seconds.
  path: Assets/Prefabs/Car_01_06.prefab
  artifactKey: Guid(afcb5da7562b3dd468d16849b91034c3) Importer(815301076,1909f56bfc062723c751e8b465ee728b)
Start importing Assets/Prefabs/Car_01_06.prefab using Guid(afcb5da7562b3dd468d16849b91034c3) Importer(815301076,1909f56bfc062723c751e8b465ee728b)  -> (artifact id: 'afdcbe11f7b504c1353217be0de6d24a') in 0.011160 seconds
  Import took 0.013484 seconds .

========================================================================
Received Import Request.
  Time since last request: 2.490742 seconds.
  path: Assets/Prefabs/Chevrolet_Camaro_SS_High.prefab
  artifactKey: Guid(8c5d62143806cea43992a5826740d11b) Importer(815301076,1909f56bfc062723c751e8b465ee728b)
Start importing Assets/Prefabs/Chevrolet_Camaro_SS_High.prefab using Guid(8c5d62143806cea43992a5826740d11b) Importer(815301076,1909f56bfc062723c751e8b465ee728b)  -> (artifact id: 'c76ca8a95a1b60e935ed20ee49fd849e') in 0.015178 seconds
  Import took 0.018303 seconds .

========================================================================
Received Import Request.
  Time since last request: 0.013946 seconds.
  path: Assets/Prefabs/Chevrolet_Camaro_SS_High.prefab
  artifactKey: Guid(8c5d62143806cea43992a5826740d11b) Importer(815301076,1909f56bfc062723c751e8b465ee728b)
Start importing Assets/Prefabs/Chevrolet_Camaro_SS_High.prefab using Guid(8c5d62143806cea43992a5826740d11b) Importer(815301076,1909f56bfc062723c751e8b465ee728b)  -> (artifact id: 'c76ca8a95a1b60e935ed20ee49fd849e') in 0.016196 seconds
  Import took 0.019519 seconds .

========================================================================
Received Prepare
Registering precompiled user dll's ...
Registered in 0.000733 seconds.
Begin MonoManager ReloadAssembly
Native extension for WindowsStandalone target not found
Native extension for WebGL target not found
Refreshing native plugins compatible for Editor in 0.36 ms, found 0 plugins.
Preloading 0 native plugins for Editor in 0.00 ms.
Mono: successfully reloaded assembly
- Completed reload, in  0.815 seconds
Platform modules already initialized, skipping
Refreshing native plugins compatible for Editor in 0.44 ms, found 0 plugins.
Preloading 0 native plugins for Editor in 0.00 ms.
Unloading 1116 Unused Serialized files (Serialized files now loaded: 0)
System memory in use before: 132.5 MB.
System memory in use after: 132.6 MB.

Unloading 5 unused Assets to reduce memory usage. Loaded Objects now: 1614.
Total: 1.791200 ms (FindLiveObjects: 0.141100 ms CreateObjectMapping: 0.038000 ms MarkObjects: 1.552700 ms  DeleteObjects: 0.058000 ms)

========================================================================
Received Prepare
Registering precompiled user dll's ...
Registered in 0.000586 seconds.
Begin MonoManager ReloadAssembly
Native extension for WindowsStandalone target not found
Native extension for WebGL target not found
Refreshing native plugins compatible for Editor in 0.23 ms, found 0 plugins.
Preloading 0 native plugins for Editor in 0.00 ms.
Mono: successfully reloaded assembly
- Completed reload, in  0.665 seconds
Platform modules already initialized, skipping
Refreshing native plugins compatible for Editor in 0.25 ms, found 0 plugins.
Preloading 0 native plugins for Editor in 0.00 ms.
Unloading 1116 Unused Serialized files (Serialized files now loaded: 0)
System memory in use before: 132.5 MB.
System memory in use after: 132.6 MB.

Unloading 5 unused Assets to reduce memory usage. Loaded Objects now: 1617.
Total: 1.991600 ms (FindLiveObjects: 0.138000 ms CreateObjectMapping: 0.040300 ms MarkObjects: 1.743700 ms  DeleteObjects: 0.068700 ms)

========================================================================
Received Import Request.
  Time since last request: 63.055198 seconds.
  path: Assets/Prefabs/Chevrolet_Camaro_SS_High.prefab
  artifactKey: Guid(8c5d62143806cea43992a5826740d11b) Importer(815301076,1909f56bfc062723c751e8b465ee728b)
Start importing Assets/Prefabs/Chevrolet_Camaro_SS_High.prefab using Guid(8c5d62143806cea43992a5826740d11b) Importer(815301076,1909f56bfc062723c751e8b465ee728b)  -> (artifact id: 'bfd0cdd5e84f50865737a467e952a5ae') in 0.058572 seconds
  Import took 0.061333 seconds .

========================================================================
Received Prepare
Registering precompiled user dll's ...
Registered in 0.000891 seconds.
Begin MonoManager ReloadAssembly
Native extension for WindowsStandalone target not found
Native extension for WebGL target not found
Refreshing native plugins compatible for Editor in 0.24 ms, found 0 plugins.
Preloading 0 native plugins for Editor in 0.00 ms.
Mono: successfully reloaded assembly
- Completed reload, in  0.684 seconds
Platform modules already initialized, skipping
Refreshing native plugins compatible for Editor in 0.24 ms, found 0 plugins.
Preloading 0 native plugins for Editor in 0.00 ms.
Unloading 1116 Unused Serialized files (Serialized files now loaded: 0)
System memory in use before: 132.5 MB.
System memory in use after: 132.6 MB.

Unloading 5 unused Assets to reduce memory usage. Loaded Objects now: 1621.
Total: 1.326200 ms (FindLiveObjects: 0.120800 ms CreateObjectMapping: 0.033700 ms MarkObjects: 1.119100 ms  DeleteObjects: 0.051900 ms)

========================================================================
Received Prepare
Registering precompiled user dll's ...
Registered in 0.000728 seconds.
Begin MonoManager ReloadAssembly
Native extension for WindowsStandalone target not found
Native extension for WebGL target not found
Refreshing native plugins compatible for Editor in 0.25 ms, found 0 plugins.
Preloading 0 native plugins for Editor in 0.00 ms.
Mono: successfully reloaded assembly
- Completed reload, in  0.811 seconds
Platform modules already initialized, skipping
Refreshing native plugins compatible for Editor in 0.26 ms, found 0 plugins.
Preloading 0 native plugins for Editor in 0.00 ms.
Unloading 1116 Unused Serialized files (Serialized files now loaded: 0)
System memory in use before: 132.6 MB.
System memory in use after: 132.6 MB.

Unloading 5 unused Assets to reduce memory usage. Loaded Objects now: 1624.
Total: 1.889500 ms (FindLiveObjects: 0.169200 ms CreateObjectMapping: 0.048200 ms MarkObjects: 1.605700 ms  DeleteObjects: 0.064600 ms)

========================================================================
Received Prepare
Registering precompiled user dll's ...
Registered in 0.000606 seconds.
Begin MonoManager ReloadAssembly
Native extension for WindowsStandalone target not found
Native extension for WebGL target not found
Refreshing native plugins compatible for Editor in 0.23 ms, found 0 plugins.
Preloading 0 native plugins for Editor in 0.00 ms.
Mono: successfully reloaded assembly
- Completed reload, in  0.705 seconds
Platform modules already initialized, skipping
Refreshing native plugins compatible for Editor in 0.24 ms, found 0 plugins.
Preloading 0 native plugins for Editor in 0.00 ms.
Unloading 1116 Unused Serialized files (Serialized files now loaded: 0)
System memory in use before: 132.6 MB.
System memory in use after: 132.6 MB.

Unloading 5 unused Assets to reduce memory usage. Loaded Objects now: 1627.
Total: 1.708900 ms (FindLiveObjects: 0.175400 ms CreateObjectMapping: 0.062900 ms MarkObjects: 1.417900 ms  DeleteObjects: 0.051600 ms)

========================================================================
Received Prepare
Registering precompiled user dll's ...
Registered in 0.000526 seconds.
Begin MonoManager ReloadAssembly
Native extension for WindowsStandalone target not found
Native extension for WebGL target not found
Refreshing native plugins compatible for Editor in 0.23 ms, found 0 plugins.
Preloading 0 native plugins for Editor in 0.00 ms.
Mono: successfully reloaded assembly
- Completed reload, in  0.695 seconds
Platform modules already initialized, skipping
Refreshing native plugins compatible for Editor in 0.24 ms, found 0 plugins.
Preloading 0 native plugins for Editor in 0.00 ms.
Unloading 1116 Unused Serialized files (Serialized files now loaded: 0)
System memory in use before: 132.6 MB.
System memory in use after: 132.6 MB.

Unloading 5 unused Assets to reduce memory usage. Loaded Objects now: 1630.
Total: 1.658200 ms (FindLiveObjects: 0.213000 ms CreateObjectMapping: 0.090300 ms MarkObjects: 1.296200 ms  DeleteObjects: 0.057200 ms)

========================================================================
Received Prepare
Registering precompiled user dll's ...
Registered in 0.000574 seconds.
Begin MonoManager ReloadAssembly
Native extension for WindowsStandalone target not found
Native extension for WebGL target not found
Refreshing native plugins compatible for Editor in 0.25 ms, found 0 plugins.
Preloading 0 native plugins for Editor in 0.00 ms.
Mono: successfully reloaded assembly
- Completed reload, in  0.684 seconds
Platform modules already initialized, skipping
Refreshing native plugins compatible for Editor in 0.24 ms, found 0 plugins.
Preloading 0 native plugins for Editor in 0.00 ms.
Unloading 1116 Unused Serialized files (Serialized files now loaded: 0)
System memory in use before: 132.6 MB.
System memory in use after: 132.6 MB.

Unloading 5 unused Assets to reduce memory usage. Loaded Objects now: 1633.
Total: 1.684700 ms (FindLiveObjects: 0.175900 ms CreateObjectMapping: 0.031300 ms MarkObjects: 1.422500 ms  DeleteObjects: 0.054200 ms)

========================================================================
Received Prepare
Registering precompiled user dll's ...
Registered in 0.000756 seconds.
Begin MonoManager ReloadAssembly
Native extension for WindowsStandalone target not found
Native extension for WebGL target not found
Refreshing native plugins compatible for Editor in 0.36 ms, found 0 plugins.
Preloading 0 native plugins for Editor in 0.00 ms.
Mono: successfully reloaded assembly
- Completed reload, in  0.676 seconds
Platform modules already initialized, skipping
Refreshing native plugins compatible for Editor in 0.26 ms, found 0 plugins.
Preloading 0 native plugins for Editor in 0.00 ms.
Unloading 1116 Unused Serialized files (Serialized files now loaded: 0)
System memory in use before: 132.6 MB.
System memory in use after: 132.7 MB.

Unloading 5 unused Assets to reduce memory usage. Loaded Objects now: 1636.
Total: 1.756000 ms (FindLiveObjects: 0.236400 ms CreateObjectMapping: 0.059400 ms MarkObjects: 1.361700 ms  DeleteObjects: 0.096100 ms)

========================================================================
Received Prepare
Registering precompiled user dll's ...
Registered in 0.000580 seconds.
Begin MonoManager ReloadAssembly
Native extension for WindowsStandalone target not found
Native extension for WebGL target not found
Refreshing native plugins compatible for Editor in 0.24 ms, found 0 plugins.
Preloading 0 native plugins for Editor in 0.00 ms.
Mono: successfully reloaded assembly
- Completed reload, in  0.691 seconds
Platform modules already initialized, skipping
Refreshing native plugins compatible for Editor in 0.24 ms, found 0 plugins.
Preloading 0 native plugins for Editor in 0.00 ms.
Unloading 1116 Unused Serialized files (Serialized files now loaded: 0)
System memory in use before: 132.6 MB.
System memory in use after: 132.7 MB.

Unloading 5 unused Assets to reduce memory usage. Loaded Objects now: 1639.
Total: 1.340900 ms (FindLiveObjects: 0.118700 ms CreateObjectMapping: 0.032800 ms MarkObjects: 1.136400 ms  DeleteObjects: 0.052300 ms)

========================================================================
Received Prepare
Registering precompiled user dll's ...
Registered in 0.000524 seconds.
Begin MonoManager ReloadAssembly
Native extension for WindowsStandalone target not found
Native extension for WebGL target not found
Refreshing native plugins compatible for Editor in 0.23 ms, found 0 plugins.
Preloading 0 native plugins for Editor in 0.00 ms.
Mono: successfully reloaded assembly
- Completed reload, in  0.711 seconds
Platform modules already initialized, skipping
Refreshing native plugins compatible for Editor in 0.23 ms, found 0 plugins.
Preloading 0 native plugins for Editor in 0.00 ms.
Unloading 1116 Unused Serialized files (Serialized files now loaded: 0)
System memory in use before: 132.6 MB.
System memory in use after: 132.7 MB.

Unloading 5 unused Assets to reduce memory usage. Loaded Objects now: 1642.
Total: 1.660200 ms (FindLiveObjects: 0.135600 ms CreateObjectMapping: 0.035900 ms MarkObjects: 1.431700 ms  DeleteObjects: 0.056200 ms)

========================================================================
Received Prepare
Registering precompiled user dll's ...
Registered in 0.000516 seconds.
Begin MonoManager ReloadAssembly
Native extension for WindowsStandalone target not found
Native extension for WebGL target not found
Refreshing native plugins compatible for Editor in 0.23 ms, found 0 plugins.
Preloading 0 native plugins for Editor in 0.00 ms.
Mono: successfully reloaded assembly
- Completed reload, in  0.700 seconds
Platform modules already initialized, skipping
Refreshing native plugins compatible for Editor in 0.24 ms, found 0 plugins.
Preloading 0 native plugins for Editor in 0.00 ms.
Unloading 1116 Unused Serialized files (Serialized files now loaded: 0)
System memory in use before: 132.6 MB.
System memory in use after: 132.7 MB.

Unloading 5 unused Assets to reduce memory usage. Loaded Objects now: 1645.
Total: 1.589300 ms (FindLiveObjects: 0.117800 ms CreateObjectMapping: 0.030400 ms MarkObjects: 1.385200 ms  DeleteObjects: 0.055000 ms)

========================================================================
Received Prepare
Registering precompiled user dll's ...
Registered in 0.000560 seconds.
Begin MonoManager ReloadAssembly
Native extension for WindowsStandalone target not found
Native extension for WebGL target not found
Refreshing native plugins compatible for Editor in 0.23 ms, found 0 plugins.
Preloading 0 native plugins for Editor in 0.00 ms.
Mono: successfully reloaded assembly
- Completed reload, in  0.678 seconds
Platform modules already initialized, skipping
Refreshing native plugins compatible for Editor in 0.24 ms, found 0 plugins.
Preloading 0 native plugins for Editor in 0.00 ms.
Unloading 1116 Unused Serialized files (Serialized files now loaded: 0)
System memory in use before: 132.6 MB.
System memory in use after: 132.7 MB.

Unloading 5 unused Assets to reduce memory usage. Loaded Objects now: 1648.
Total: 2.226600 ms (FindLiveObjects: 0.149900 ms CreateObjectMapping: 0.030700 ms MarkObjects: 1.933100 ms  DeleteObjects: 0.111700 ms)

========================================================================
Received Prepare
Registering precompiled user dll's ...
Registered in 0.000547 seconds.
Begin MonoManager ReloadAssembly
Native extension for WindowsStandalone target not found
Native extension for WebGL target not found
Refreshing native plugins compatible for Editor in 0.24 ms, found 0 plugins.
Preloading 0 native plugins for Editor in 0.00 ms.
Mono: successfully reloaded assembly
- Completed reload, in  0.659 seconds
Platform modules already initialized, skipping
Refreshing native plugins compatible for Editor in 0.23 ms, found 0 plugins.
Preloading 0 native plugins for Editor in 0.00 ms.
Unloading 1116 Unused Serialized files (Serialized files now loaded: 0)
System memory in use before: 132.7 MB.
System memory in use after: 132.7 MB.

Unloading 5 unused Assets to reduce memory usage. Loaded Objects now: 1651.
Total: 1.474000 ms (FindLiveObjects: 0.193100 ms CreateObjectMapping: 0.037400 ms MarkObjects: 1.192400 ms  DeleteObjects: 0.050300 ms)

AssetImportWorkerClient::OnTransportError - code=2 error=End of file
